0 info it worked if it ends with ok
1 verbose cli [ 'C:\\Program Files\\nodejs\\node.exe',
1 verbose cli   'C:\\Program Files\\nodejs\\node_modules\\npm\\bin\\npm-cli.js',
1 verbose cli   'install',
1 verbose cli   'angular-google-maps' ]
2 info using npm@4.1.2
3 info using node@v7.5.0
4 silly loadCurrentTree Starting
5 silly install loadCurrentTree
6 silly install readLocalPackageData
7 silly fetchPackageMetaData angular-google-maps
8 silly fetchNamedPackageData angular-google-maps
9 silly mapToRegistry name angular-google-maps
10 silly mapToRegistry using default registry
11 silly mapToRegistry registry https://registry.npmjs.org/
12 silly mapToRegistry data Result {
12 silly mapToRegistry   raw: 'angular-google-maps',
12 silly mapToRegistry   scope: null,
12 silly mapToRegistry   escapedName: 'angular-google-maps',
12 silly mapToRegistry   name: 'angular-google-maps',
12 silly mapToRegistry   rawSpec: '',
12 silly mapToRegistry   spec: 'latest',
12 silly mapToRegistry   type: 'tag' }
13 silly mapToRegistry uri https://registry.npmjs.org/angular-google-maps
14 verbose request uri https://registry.npmjs.org/angular-google-maps
15 verbose request no auth needed
16 info attempt registry request try #1 at 20:22:44
17 verbose request id b275bca5acd60bae
18 http request GET https://registry.npmjs.org/angular-google-maps
19 info retry will retry, error on last attempt: Error: getaddrinfo EAI_AGAIN registry.npmjs.org:443
20 info attempt registry request try #2 at 20:23:04
21 http request GET https://registry.npmjs.org/angular-google-maps
22 http 200 https://registry.npmjs.org/angular-google-maps
23 verbose headers { server: 'nginx/1.10.1',
23 verbose headers   'content-type': 'application/json',
23 verbose headers   'last-modified': 'Thu, 05 Jan 2017 14:56:53 GMT',
23 verbose headers   etag: 'W/"586e5eb5-ecac"',
23 verbose headers   'content-encoding': 'gzip',
23 verbose headers   'cache-control': 'max-age=300',
23 verbose headers   'content-length': '6810',
23 verbose headers   'accept-ranges': 'bytes',
23 verbose headers   date: 'Wed, 17 May 2017 18:23:07 GMT',
23 verbose headers   via: '1.1 varnish',
23 verbose headers   age: '0',
23 verbose headers   connection: 'keep-alive',
23 verbose headers   'x-served-by': 'cache-mad9425-MAD',
23 verbose headers   'x-cache': 'HIT',
23 verbose headers   'x-cache-hits': '1',
23 verbose headers   'x-timer': 'S1495045387.455107,VS0,VE39',
23 verbose headers   vary: 'Accept-Encoding' }
24 silly get cb [ 200,
24 silly get   { server: 'nginx/1.10.1',
24 silly get     'content-type': 'application/json',
24 silly get     'last-modified': 'Thu, 05 Jan 2017 14:56:53 GMT',
24 silly get     etag: 'W/"586e5eb5-ecac"',
24 silly get     'content-encoding': 'gzip',
24 silly get     'cache-control': 'max-age=300',
24 silly get     'content-length': '6810',
24 silly get     'accept-ranges': 'bytes',
24 silly get     date: 'Wed, 17 May 2017 18:23:07 GMT',
24 silly get     via: '1.1 varnish',
24 silly get     age: '0',
24 silly get     connection: 'keep-alive',
24 silly get     'x-served-by': 'cache-mad9425-MAD',
24 silly get     'x-cache': 'HIT',
24 silly get     'x-cache-hits': '1',
24 silly get     'x-timer': 'S1495045387.455107,VS0,VE39',
24 silly get     vary: 'Accept-Encoding' } ]
25 verbose get saving angular-google-maps to C:\Users\Ramon\AppData\Roaming\npm-cache\registry.npmjs.org\angular-google-maps\.cache.json
26 verbose correctMkdir C:\Users\Ramon\AppData\Roaming\npm-cache correctMkdir not in flight; initializing
27 silly install normalizeTree
28 silly loadCurrentTree Finishing
29 silly loadIdealTree Starting
30 silly install loadIdealTree
31 silly cloneCurrentTree Starting
32 silly install cloneCurrentTreeToIdealTree
33 silly cloneCurrentTree Finishing
34 silly loadShrinkwrap Starting
35 silly install loadShrinkwrap
36 silly loadShrinkwrap Finishing
37 silly loadAllDepsIntoIdealTree Starting
38 silly install loadAllDepsIntoIdealTree
39 silly resolveWithNewModule angular-google-maps@2.4.1 checking installable status
40 silly cache add args [ 'angular-google-maps', null ]
41 verbose cache add spec angular-google-maps
42 silly cache add parsed spec Result {
42 silly cache add   raw: 'angular-google-maps',
42 silly cache add   scope: null,
42 silly cache add   escapedName: 'angular-google-maps',
42 silly cache add   name: 'angular-google-maps',
42 silly cache add   rawSpec: '',
42 silly cache add   spec: 'latest',
42 silly cache add   type: 'tag' }
43 silly addNamed angular-google-maps@latest
44 verbose addNamed "latest" is being treated as a dist-tag for angular-google-maps
45 info addNameTag [ 'angular-google-maps', 'latest' ]
46 silly mapToRegistry name angular-google-maps
47 silly mapToRegistry using default registry
48 silly mapToRegistry registry https://registry.npmjs.org/
49 silly mapToRegistry data Result {
49 silly mapToRegistry   raw: 'angular-google-maps',
49 silly mapToRegistry   scope: null,
49 silly mapToRegistry   escapedName: 'angular-google-maps',
49 silly mapToRegistry   name: 'angular-google-maps',
49 silly mapToRegistry   rawSpec: '',
49 silly mapToRegistry   spec: 'latest',
49 silly mapToRegistry   type: 'tag' }
50 silly mapToRegistry uri https://registry.npmjs.org/angular-google-maps
51 verbose addNameTag registry:https://registry.npmjs.org/angular-google-maps not in flight; fetching
52 verbose get https://registry.npmjs.org/angular-google-maps not expired, no request
53 silly addNameTag next cb for angular-google-maps with tag latest
54 silly addNamed angular-google-maps@2.4.1
55 verbose addNamed "2.4.1" is a plain semver version for angular-google-maps
56 silly mapToRegistry name angular-google-maps
57 silly mapToRegistry using default registry
58 silly mapToRegistry registry https://registry.npmjs.org/
59 silly mapToRegistry data Result {
59 silly mapToRegistry   raw: 'angular-google-maps',
59 silly mapToRegistry   scope: null,
59 silly mapToRegistry   escapedName: 'angular-google-maps',
59 silly mapToRegistry   name: 'angular-google-maps',
59 silly mapToRegistry   rawSpec: '',
59 silly mapToRegistry   spec: 'latest',
59 silly mapToRegistry   type: 'tag' }
60 silly mapToRegistry uri https://registry.npmjs.org/angular-google-maps
61 verbose addRemoteTarball https://registry.npmjs.org/angular-google-maps/-/angular-google-maps-2.4.1.tgz not in flight; adding
62 verbose addRemoteTarball [ 'https://registry.npmjs.org/angular-google-maps/-/angular-google-maps-2.4.1.tgz',
62 verbose addRemoteTarball   'a0479f3a99cda690b72df536cf1c77d11e18ee23' ]
63 info retry fetch attempt 1 at 20:23:04
64 info attempt registry request try #1 at 20:23:04
65 http fetch GET https://registry.npmjs.org/angular-google-maps/-/angular-google-maps-2.4.1.tgz
66 http fetch 200 https://registry.npmjs.org/angular-google-maps/-/angular-google-maps-2.4.1.tgz
67 silly fetchAndShaCheck shasum a0479f3a99cda690b72df536cf1c77d11e18ee23
68 verbose addTmpTarball C:\Users\Ramon\AppData\Local\Temp\npm-5944-975abf4b\registry.npmjs.org\angular-google-maps\-\angular-google-maps-2.4.1.tgz not in flight; adding
69 verbose addTmpTarball already have metadata; skipping unpack for angular-google-maps@2.4.1
70 verbose correctMkdir C:\Users\Ramon\AppData\Roaming\npm-cache correctMkdir not in flight; initializing
71 silly cache afterAdd angular-google-maps@2.4.1
72 verbose afterAdd C:\Users\Ramon\AppData\Roaming\npm-cache\angular-google-maps\2.4.1\package\package.json not in flight; writing
73 verbose correctMkdir C:\Users\Ramon\AppData\Roaming\npm-cache correctMkdir not in flight; initializing
74 verbose afterAdd C:\Users\Ramon\AppData\Roaming\npm-cache\angular-google-maps\2.4.1\package\package.json written
75 silly fetchNamedPackageData angular
76 silly mapToRegistry name angular
77 silly mapToRegistry using default registry
78 silly mapToRegistry registry https://registry.npmjs.org/
79 silly mapToRegistry data Result {
79 silly mapToRegistry   raw: 'angular',
79 silly mapToRegistry   scope: null,
79 silly mapToRegistry   escapedName: 'angular',
79 silly mapToRegistry   name: 'angular',
79 silly mapToRegistry   rawSpec: '',
79 silly mapToRegistry   spec: 'latest',
79 silly mapToRegistry   type: 'tag' }
80 silly mapToRegistry uri https://registry.npmjs.org/angular
81 silly fetchNamedPackageData angular-simple-logger
82 silly mapToRegistry name angular-simple-logger
83 silly mapToRegistry using default registry
84 silly mapToRegistry registry https://registry.npmjs.org/
85 silly mapToRegistry data Result {
85 silly mapToRegistry   raw: 'angular-simple-logger',
85 silly mapToRegistry   scope: null,
85 silly mapToRegistry   escapedName: 'angular-simple-logger',
85 silly mapToRegistry   name: 'angular-simple-logger',
85 silly mapToRegistry   rawSpec: '',
85 silly mapToRegistry   spec: 'latest',
85 silly mapToRegistry   type: 'tag' }
86 silly mapToRegistry uri https://registry.npmjs.org/angular-simple-logger
87 silly fetchNamedPackageData google-maps-utility-library-v3-infobox
88 silly mapToRegistry name google-maps-utility-library-v3-infobox
89 silly mapToRegistry using default registry
90 silly mapToRegistry registry https://registry.npmjs.org/
91 silly mapToRegistry data Result {
91 silly mapToRegistry   raw: 'google-maps-utility-library-v3-infobox',
91 silly mapToRegistry   scope: null,
91 silly mapToRegistry   escapedName: 'google-maps-utility-library-v3-infobox',
91 silly mapToRegistry   name: 'google-maps-utility-library-v3-infobox',
91 silly mapToRegistry   rawSpec: '',
91 silly mapToRegistry   spec: 'latest',
91 silly mapToRegistry   type: 'tag' }
92 silly mapToRegistry uri https://registry.npmjs.org/google-maps-utility-library-v3-infobox
93 silly fetchNamedPackageData google-maps-utility-library-v3-keydragzoom
94 silly mapToRegistry name google-maps-utility-library-v3-keydragzoom
95 silly mapToRegistry using default registry
96 silly mapToRegistry registry https://registry.npmjs.org/
97 silly mapToRegistry data Result {
97 silly mapToRegistry   raw: 'google-maps-utility-library-v3-keydragzoom',
97 silly mapToRegistry   scope: null,
97 silly mapToRegistry   escapedName: 'google-maps-utility-library-v3-keydragzoom',
97 silly mapToRegistry   name: 'google-maps-utility-library-v3-keydragzoom',
97 silly mapToRegistry   rawSpec: '',
97 silly mapToRegistry   spec: 'latest',
97 silly mapToRegistry   type: 'tag' }
98 silly mapToRegistry uri https://registry.npmjs.org/google-maps-utility-library-v3-keydragzoom
99 silly fetchNamedPackageData lodash
100 silly mapToRegistry name lodash
101 silly mapToRegistry using default registry
102 silly mapToRegistry registry https://registry.npmjs.org/
103 silly mapToRegistry data Result {
103 silly mapToRegistry   raw: 'lodash',
103 silly mapToRegistry   scope: null,
103 silly mapToRegistry   escapedName: 'lodash',
103 silly mapToRegistry   name: 'lodash',
103 silly mapToRegistry   rawSpec: '',
103 silly mapToRegistry   spec: 'latest',
103 silly mapToRegistry   type: 'tag' }
104 silly mapToRegistry uri https://registry.npmjs.org/lodash
105 silly fetchNamedPackageData markerclustererplus
106 silly mapToRegistry name markerclustererplus
107 silly mapToRegistry using default registry
108 silly mapToRegistry registry https://registry.npmjs.org/
109 silly mapToRegistry data Result {
109 silly mapToRegistry   raw: 'markerclustererplus',
109 silly mapToRegistry   scope: null,
109 silly mapToRegistry   escapedName: 'markerclustererplus',
109 silly mapToRegistry   name: 'markerclustererplus',
109 silly mapToRegistry   rawSpec: '',
109 silly mapToRegistry   spec: 'latest',
109 silly mapToRegistry   type: 'tag' }
110 silly mapToRegistry uri https://registry.npmjs.org/markerclustererplus
111 silly fetchOtherPackageData google-maps-utility-library-v3-markerwithlabel@git://github.com/nmccready/google-maps-utility-library-v3-markerwithlabel.git
112 silly cache add args [ 'google-maps-utility-library-v3-markerwithlabel@git://github.com/nmccready/google-maps-utility-library-v3-markerwithlabel.git',
112 silly cache add   null ]
113 verbose cache add spec google-maps-utility-library-v3-markerwithlabel@git://github.com/nmccready/google-maps-utility-library-v3-markerwithlabel.git
114 silly fetchOtherPackageData js-rich-marker@git://github.com/MikaFima/js-rich-marker.git#0383f4bbdad4ddf154772fedbdd27e464600e943
115 silly cache add args [ 'js-rich-marker@git://github.com/MikaFima/js-rich-marker.git#0383f4bbdad4ddf154772fedbdd27e464600e943',
115 silly cache add   null ]
116 verbose cache add spec js-rich-marker@git://github.com/MikaFima/js-rich-marker.git#0383f4bbdad4ddf154772fedbdd27e464600e943
117 verbose request uri https://registry.npmjs.org/angular-simple-logger
118 verbose request no auth needed
119 info attempt registry request try #1 at 20:23:05
120 http request GET https://registry.npmjs.org/angular-simple-logger
121 verbose request uri https://registry.npmjs.org/google-maps-utility-library-v3-infobox
122 verbose request no auth needed
123 info attempt registry request try #1 at 20:23:05
124 http request GET https://registry.npmjs.org/google-maps-utility-library-v3-infobox
125 silly cache add parsed spec Result {
125 silly cache add   raw: 'google-maps-utility-library-v3-markerwithlabel@git://github.com/nmccready/google-maps-utility-library-v3-markerwithlabel.git',
125 silly cache add   scope: null,
125 silly cache add   escapedName: 'google-maps-utility-library-v3-markerwithlabel',
125 silly cache add   name: 'google-maps-utility-library-v3-markerwithlabel',
125 silly cache add   rawSpec: 'git://github.com/nmccready/google-maps-utility-library-v3-markerwithlabel.git',
125 silly cache add   spec: 'git://github.com/nmccready/google-maps-utility-library-v3-markerwithlabel.git',
125 silly cache add   type: 'hosted',
125 silly cache add   hosted:
125 silly cache add    { type: 'github',
125 silly cache add      ssh: 'git@github.com:nmccready/google-maps-utility-library-v3-markerwithlabel.git',
125 silly cache add      sshUrl: 'git+ssh://git@github.com/nmccready/google-maps-utility-library-v3-markerwithlabel.git',
125 silly cache add      httpsUrl: 'git+https://github.com/nmccready/google-maps-utility-library-v3-markerwithlabel.git',
125 silly cache add      gitUrl: 'git://github.com/nmccready/google-maps-utility-library-v3-markerwithlabel.git',
125 silly cache add      shortcut: 'github:nmccready/google-maps-utility-library-v3-markerwithlabel',
125 silly cache add      directUrl: 'https://raw.githubusercontent.com/nmccready/google-maps-utility-library-v3-markerwithlabel/master/package.json' } }
126 verbose addRemoteGit caching git://github.com/nmccready/google-maps-utility-library-v3-markerwithlabel.git
127 verbose addRemoteGit git://github.com/nmccready/google-maps-utility-library-v3-markerwithlabel.git is a repository hosted by github
128 silly tryClone cloning git://github.com/nmccready/google-maps-utility-library-v3-markerwithlabel.git via git://github.com/nmccready/google-maps-utility-library-v3-markerwithlabel.git
129 verbose tryClone git-github-com-nmccready-google-maps-utility-library-v3-markerwithlabel-git-535ad55b not in flight; caching
130 verbose correctMkdir C:\Users\Ramon\AppData\Roaming\npm-cache\_git-remotes correctMkdir not in flight; initializing
131 silly cache add parsed spec Result {
131 silly cache add   raw: 'js-rich-marker@git://github.com/MikaFima/js-rich-marker.git#0383f4bbdad4ddf154772fedbdd27e464600e943',
131 silly cache add   scope: null,
131 silly cache add   escapedName: 'js-rich-marker',
131 silly cache add   name: 'js-rich-marker',
131 silly cache add   rawSpec: 'git://github.com/MikaFima/js-rich-marker.git#0383f4bbdad4ddf154772fedbdd27e464600e943',
131 silly cache add   spec: 'git://github.com/MikaFima/js-rich-marker.git#0383f4bbdad4ddf154772fedbdd27e464600e943',
131 silly cache add   type: 'hosted',
131 silly cache add   hosted:
131 silly cache add    { type: 'github',
131 silly cache add      ssh: 'git@github.com:MikaFima/js-rich-marker.git#0383f4bbdad4ddf154772fedbdd27e464600e943',
131 silly cache add      sshUrl: 'git+ssh://git@github.com/MikaFima/js-rich-marker.git#0383f4bbdad4ddf154772fedbdd27e464600e943',
131 silly cache add      httpsUrl: 'git+https://github.com/MikaFima/js-rich-marker.git#0383f4bbdad4ddf154772fedbdd27e464600e943',
131 silly cache add      gitUrl: 'git://github.com/MikaFima/js-rich-marker.git#0383f4bbdad4ddf154772fedbdd27e464600e943',
131 silly cache add      shortcut: 'github:MikaFima/js-rich-marker#0383f4bbdad4ddf154772fedbdd27e464600e943',
131 silly cache add      directUrl: 'https://raw.githubusercontent.com/MikaFima/js-rich-marker/0383f4bbdad4ddf154772fedbdd27e464600e943/package.json' } }
132 verbose addRemoteGit caching git://github.com/MikaFima/js-rich-marker.git#0383f4bbdad4ddf154772fedbdd27e464600e943
133 verbose addRemoteGit git://github.com/MikaFima/js-rich-marker.git#0383f4bbdad4ddf154772fedbdd27e464600e943 is a repository hosted by github
134 silly tryClone cloning git://github.com/MikaFima/js-rich-marker.git#0383f4bbdad4ddf154772fedbdd27e464600e943 via git://github.com/MikaFima/js-rich-marker.git#0383f4bbdad4ddf154772fedbdd27e464600e943
135 verbose tryClone git-github-com-MikaFima-js-rich-marker-git-0383f4bbdad4ddf154772fedbdd27e464600e943-e7abb722 not in flight; caching
136 verbose correctMkdir C:\Users\Ramon\AppData\Roaming\npm-cache\_git-remotes correctMkdir already in flight; waiting
137 verbose request uri https://registry.npmjs.org/google-maps-utility-library-v3-keydragzoom
138 verbose request no auth needed
139 info attempt registry request try #1 at 20:23:05
140 http request GET https://registry.npmjs.org/google-maps-utility-library-v3-keydragzoom
141 verbose request uri https://registry.npmjs.org/markerclustererplus
142 verbose request no auth needed
143 info attempt registry request try #1 at 20:23:05
144 http request GET https://registry.npmjs.org/markerclustererplus
145 verbose request uri https://registry.npmjs.org/angular
146 verbose request no auth needed
147 info attempt registry request try #1 at 20:23:05
148 verbose etag W/"58f235c3-24b20"
149 verbose lastModified Sat, 15 Apr 2017 15:01:23 GMT
150 http request GET https://registry.npmjs.org/angular
151 verbose request uri https://registry.npmjs.org/lodash
152 verbose request no auth needed
153 info attempt registry request try #1 at 20:23:05
154 verbose etag W/"590deae5-2941c"
155 verbose lastModified Sat, 06 May 2017 15:25:25 GMT
156 http request GET https://registry.npmjs.org/lodash
157 info git [ 'clone',
157 info git   '--template=C:\\Users\\Ramon\\AppData\\Roaming\\npm-cache\\_git-remotes\\_templates',
157 info git   '--mirror',
157 info git   'git://github.com/nmccready/google-maps-utility-library-v3-markerwithlabel.git',
157 info git   'C:\\Users\\Ramon\\AppData\\Roaming\\npm-cache\\_git-remotes\\git-github-com-nmccready-google-maps-utility-library-v3-markerwithlabel-git-535ad55b' ]
158 info git [ 'clone',
158 info git   '--template=C:\\Users\\Ramon\\AppData\\Roaming\\npm-cache\\_git-remotes\\_templates',
158 info git   '--mirror',
158 info git   'git://github.com/MikaFima/js-rich-marker.git',
158 info git   'C:\\Users\\Ramon\\AppData\\Roaming\\npm-cache\\_git-remotes\\git-github-com-MikaFima-js-rich-marker-git-0383f4bbdad4ddf154772fedbdd27e464600e943-e7abb722' ]
159 http 200 https://registry.npmjs.org/angular-simple-logger
160 verbose headers { server: 'nginx/1.10.1',
160 verbose headers   'content-type': 'application/json',
160 verbose headers   'last-modified': 'Fri, 07 Apr 2017 14:44:47 GMT',
160 verbose headers   etag: 'W/"58e7a5df-76d5"',
160 verbose headers   'content-encoding': 'gzip',
160 verbose headers   'cache-control': 'max-age=300',
160 verbose headers   'content-length': '4622',
160 verbose headers   'accept-ranges': 'bytes',
160 verbose headers   date: 'Wed, 17 May 2017 18:23:08 GMT',
160 verbose headers   via: '1.1 varnish',
160 verbose headers   age: '0',
160 verbose headers   connection: 'keep-alive',
160 verbose headers   'x-served-by': 'cache-mad9425-MAD',
160 verbose headers   'x-cache': 'HIT',
160 verbose headers   'x-cache-hits': '1',
160 verbose headers   'x-timer': 'S1495045389.717738,VS0,VE35',
160 verbose headers   vary: 'Accept-Encoding' }
161 silly get cb [ 200,
161 silly get   { server: 'nginx/1.10.1',
161 silly get     'content-type': 'application/json',
161 silly get     'last-modified': 'Fri, 07 Apr 2017 14:44:47 GMT',
161 silly get     etag: 'W/"58e7a5df-76d5"',
161 silly get     'content-encoding': 'gzip',
161 silly get     'cache-control': 'max-age=300',
161 silly get     'content-length': '4622',
161 silly get     'accept-ranges': 'bytes',
161 silly get     date: 'Wed, 17 May 2017 18:23:08 GMT',
161 silly get     via: '1.1 varnish',
161 silly get     age: '0',
161 silly get     connection: 'keep-alive',
161 silly get     'x-served-by': 'cache-mad9425-MAD',
161 silly get     'x-cache': 'HIT',
161 silly get     'x-cache-hits': '1',
161 silly get     'x-timer': 'S1495045389.717738,VS0,VE35',
161 silly get     vary: 'Accept-Encoding' } ]
162 verbose get saving angular-simple-logger to C:\Users\Ramon\AppData\Roaming\npm-cache\registry.npmjs.org\angular-simple-logger\.cache.json
163 verbose correctMkdir C:\Users\Ramon\AppData\Roaming\npm-cache correctMkdir not in flight; initializing
164 silly pickManifestFromRegistryMetadata spec >=0.0.1 tag latest versions [ '0.0.1',
164 silly pickManifestFromRegistryMetadata   '0.0.2',
164 silly pickManifestFromRegistryMetadata   '0.0.3',
164 silly pickManifestFromRegistryMetadata   '0.0.4',
164 silly pickManifestFromRegistryMetadata   '0.1.0',
164 silly pickManifestFromRegistryMetadata   '0.1.1',
164 silly pickManifestFromRegistryMetadata   '0.1.2',
164 silly pickManifestFromRegistryMetadata   '0.1.3',
164 silly pickManifestFromRegistryMetadata   '0.1.4',
164 silly pickManifestFromRegistryMetadata   '0.1.5',
164 silly pickManifestFromRegistryMetadata   '0.1.6',
164 silly pickManifestFromRegistryMetadata   '0.1.7' ]
165 silly resolveWithNewModule angular-simple-logger@0.1.7 checking installable status
166 silly cache add args [ 'angular-simple-logger@>=0.0.1', null ]
167 verbose cache add spec angular-simple-logger@>=0.0.1
168 silly cache add parsed spec Result {
168 silly cache add   raw: 'angular-simple-logger@>=0.0.1',
168 silly cache add   scope: null,
168 silly cache add   escapedName: 'angular-simple-logger',
168 silly cache add   name: 'angular-simple-logger',
168 silly cache add   rawSpec: '>=0.0.1',
168 silly cache add   spec: '>=0.0.1',
168 silly cache add   type: 'range' }
169 silly addNamed angular-simple-logger@>=0.0.1
170 verbose addNamed ">=0.0.1" is a valid semver range for angular-simple-logger
171 silly addNameRange { name: 'angular-simple-logger',
171 silly addNameRange   range: '>=0.0.1',
171 silly addNameRange   hasData: false }
172 silly mapToRegistry name angular-simple-logger
173 silly mapToRegistry using default registry
174 silly mapToRegistry registry https://registry.npmjs.org/
175 silly mapToRegistry data Result {
175 silly mapToRegistry   raw: 'angular-simple-logger',
175 silly mapToRegistry   scope: null,
175 silly mapToRegistry   escapedName: 'angular-simple-logger',
175 silly mapToRegistry   name: 'angular-simple-logger',
175 silly mapToRegistry   rawSpec: '',
175 silly mapToRegistry   spec: 'latest',
175 silly mapToRegistry   type: 'tag' }
176 silly mapToRegistry uri https://registry.npmjs.org/angular-simple-logger
177 verbose addNameRange registry:https://registry.npmjs.org/angular-simple-logger not in flight; fetching
178 verbose get https://registry.npmjs.org/angular-simple-logger not expired, no request
179 silly addNameRange number 2 { name: 'angular-simple-logger',
179 silly addNameRange   range: '>=0.0.1',
179 silly addNameRange   hasData: true }
180 silly addNameRange versions [ 'angular-simple-logger',
180 silly addNameRange   [ '0.0.1',
180 silly addNameRange     '0.0.2',
180 silly addNameRange     '0.0.3',
180 silly addNameRange     '0.0.4',
180 silly addNameRange     '0.1.0',
180 silly addNameRange     '0.1.1',
180 silly addNameRange     '0.1.2',
180 silly addNameRange     '0.1.3',
180 silly addNameRange     '0.1.4',
180 silly addNameRange     '0.1.5',
180 silly addNameRange     '0.1.6',
180 silly addNameRange     '0.1.7' ] ]
181 silly pickManifestFromRegistryMetadata spec >=0.0.1 tag latest versions [ '0.0.1',
181 silly pickManifestFromRegistryMetadata   '0.0.2',
181 silly pickManifestFromRegistryMetadata   '0.0.3',
181 silly pickManifestFromRegistryMetadata   '0.0.4',
181 silly pickManifestFromRegistryMetadata   '0.1.0',
181 silly pickManifestFromRegistryMetadata   '0.1.1',
181 silly pickManifestFromRegistryMetadata   '0.1.2',
181 silly pickManifestFromRegistryMetadata   '0.1.3',
181 silly pickManifestFromRegistryMetadata   '0.1.4',
181 silly pickManifestFromRegistryMetadata   '0.1.5',
181 silly pickManifestFromRegistryMetadata   '0.1.6',
181 silly pickManifestFromRegistryMetadata   '0.1.7' ]
182 silly addNamed angular-simple-logger@latest
183 verbose addNamed "latest" is being treated as a dist-tag for angular-simple-logger
184 info addNameTag [ 'angular-simple-logger', 'latest' ]
185 silly mapToRegistry name angular-simple-logger
186 silly mapToRegistry using default registry
187 silly mapToRegistry registry https://registry.npmjs.org/
188 silly mapToRegistry data Result {
188 silly mapToRegistry   raw: 'angular-simple-logger',
188 silly mapToRegistry   scope: null,
188 silly mapToRegistry   escapedName: 'angular-simple-logger',
188 silly mapToRegistry   name: 'angular-simple-logger',
188 silly mapToRegistry   rawSpec: '',
188 silly mapToRegistry   spec: 'latest',
188 silly mapToRegistry   type: 'tag' }
189 silly mapToRegistry uri https://registry.npmjs.org/angular-simple-logger
190 verbose addNameTag registry:https://registry.npmjs.org/angular-simple-logger already in flight; waiting
191 silly addNameTag next cb for angular-simple-logger with tag latest
192 silly addNamed angular-simple-logger@0.1.7
193 verbose addNamed "0.1.7" is a plain semver version for angular-simple-logger
194 silly mapToRegistry name angular-simple-logger
195 silly mapToRegistry using default registry
196 silly mapToRegistry registry https://registry.npmjs.org/
197 silly mapToRegistry data Result {
197 silly mapToRegistry   raw: 'angular-simple-logger',
197 silly mapToRegistry   scope: null,
197 silly mapToRegistry   escapedName: 'angular-simple-logger',
197 silly mapToRegistry   name: 'angular-simple-logger',
197 silly mapToRegistry   rawSpec: '',
197 silly mapToRegistry   spec: 'latest',
197 silly mapToRegistry   type: 'tag' }
198 silly mapToRegistry uri https://registry.npmjs.org/angular-simple-logger
199 verbose addRemoteTarball https://registry.npmjs.org/angular-simple-logger/-/angular-simple-logger-0.1.7.tgz not in flight; adding
200 verbose addRemoteTarball [ 'https://registry.npmjs.org/angular-simple-logger/-/angular-simple-logger-0.1.7.tgz',
200 verbose addRemoteTarball   '4ae48e5eac0973f577845918e56d4933cf66f041' ]
201 info retry fetch attempt 1 at 20:23:05
202 info attempt registry request try #1 at 20:23:05
203 http fetch GET https://registry.npmjs.org/angular-simple-logger/-/angular-simple-logger-0.1.7.tgz
204 http fetch 200 https://registry.npmjs.org/angular-simple-logger/-/angular-simple-logger-0.1.7.tgz
205 silly fetchAndShaCheck shasum 4ae48e5eac0973f577845918e56d4933cf66f041
206 verbose addTmpTarball C:\Users\Ramon\AppData\Local\Temp\npm-5944-975abf4b\registry.npmjs.org\angular-simple-logger\-\angular-simple-logger-0.1.7.tgz not in flight; adding
207 verbose addTmpTarball already have metadata; skipping unpack for angular-simple-logger@0.1.7
208 verbose correctMkdir C:\Users\Ramon\AppData\Roaming\npm-cache correctMkdir not in flight; initializing
209 http 200 https://registry.npmjs.org/markerclustererplus
210 verbose headers { server: 'nginx/1.10.1',
210 verbose headers   'content-type': 'application/json',
210 verbose headers   'last-modified': 'Wed, 01 Apr 2015 15:35:29 GMT',
210 verbose headers   etag: 'W/"551c1041-1757"',
210 verbose headers   'content-encoding': 'gzip',
210 verbose headers   'cache-control': 'max-age=300',
210 verbose headers   'content-length': '1727',
210 verbose headers   'accept-ranges': 'bytes',
210 verbose headers   date: 'Wed, 17 May 2017 18:23:08 GMT',
210 verbose headers   via: '1.1 varnish',
210 verbose headers   age: '0',
210 verbose headers   connection: 'keep-alive',
210 verbose headers   'x-served-by': 'cache-mad9428-MAD',
210 verbose headers   'x-cache': 'HIT',
210 verbose headers   'x-cache-hits': '1',
210 verbose headers   'x-timer': 'S1495045389.776792,VS0,VE34',
210 verbose headers   vary: 'Accept-Encoding' }
211 silly get cb [ 200,
211 silly get   { server: 'nginx/1.10.1',
211 silly get     'content-type': 'application/json',
211 silly get     'last-modified': 'Wed, 01 Apr 2015 15:35:29 GMT',
211 silly get     etag: 'W/"551c1041-1757"',
211 silly get     'content-encoding': 'gzip',
211 silly get     'cache-control': 'max-age=300',
211 silly get     'content-length': '1727',
211 silly get     'accept-ranges': 'bytes',
211 silly get     date: 'Wed, 17 May 2017 18:23:08 GMT',
211 silly get     via: '1.1 varnish',
211 silly get     age: '0',
211 silly get     connection: 'keep-alive',
211 silly get     'x-served-by': 'cache-mad9428-MAD',
211 silly get     'x-cache': 'HIT',
211 silly get     'x-cache-hits': '1',
211 silly get     'x-timer': 'S1495045389.776792,VS0,VE34',
211 silly get     vary: 'Accept-Encoding' } ]
212 verbose get saving markerclustererplus to C:\Users\Ramon\AppData\Roaming\npm-cache\registry.npmjs.org\markerclustererplus\.cache.json
213 verbose correctMkdir C:\Users\Ramon\AppData\Roaming\npm-cache correctMkdir not in flight; initializing
214 http 200 https://registry.npmjs.org/google-maps-utility-library-v3-infobox
215 verbose headers { server: 'nginx/1.10.1',
215 verbose headers   'content-type': 'application/json',
215 verbose headers   'last-modified': 'Wed, 02 Nov 2016 13:50:25 GMT',
215 verbose headers   etag: 'W/"5819ef21-176a"',
215 verbose headers   'content-encoding': 'gzip',
215 verbose headers   'cache-control': 'max-age=300',
215 verbose headers   'content-length': '1488',
215 verbose headers   'accept-ranges': 'bytes',
215 verbose headers   date: 'Wed, 17 May 2017 18:23:08 GMT',
215 verbose headers   via: '1.1 varnish',
215 verbose headers   age: '0',
215 verbose headers   connection: 'keep-alive',
215 verbose headers   'x-served-by': 'cache-mad9435-MAD',
215 verbose headers   'x-cache': 'MISS',
215 verbose headers   'x-cache-hits': '0',
215 verbose headers   'x-timer': 'S1495045389.777174,VS0,VE36',
215 verbose headers   vary: 'Accept-Encoding' }
216 silly get cb [ 200,
216 silly get   { server: 'nginx/1.10.1',
216 silly get     'content-type': 'application/json',
216 silly get     'last-modified': 'Wed, 02 Nov 2016 13:50:25 GMT',
216 silly get     etag: 'W/"5819ef21-176a"',
216 silly get     'content-encoding': 'gzip',
216 silly get     'cache-control': 'max-age=300',
216 silly get     'content-length': '1488',
216 silly get     'accept-ranges': 'bytes',
216 silly get     date: 'Wed, 17 May 2017 18:23:08 GMT',
216 silly get     via: '1.1 varnish',
216 silly get     age: '0',
216 silly get     connection: 'keep-alive',
216 silly get     'x-served-by': 'cache-mad9435-MAD',
216 silly get     'x-cache': 'MISS',
216 silly get     'x-cache-hits': '0',
216 silly get     'x-timer': 'S1495045389.777174,VS0,VE36',
216 silly get     vary: 'Accept-Encoding' } ]
217 verbose get saving google-maps-utility-library-v3-infobox to C:\Users\Ramon\AppData\Roaming\npm-cache\registry.npmjs.org\google-maps-utility-library-v3-infobox\.cache.json
218 verbose correctMkdir C:\Users\Ramon\AppData\Roaming\npm-cache correctMkdir not in flight; initializing
219 http 200 https://registry.npmjs.org/angular
220 verbose headers { server: 'nginx/1.10.1',
220 verbose headers   'content-type': 'application/json',
220 verbose headers   'last-modified': 'Tue, 09 May 2017 09:58:51 GMT',
220 verbose headers   etag: 'W/"591192db-24b30"',
220 verbose headers   'content-encoding': 'gzip',
220 verbose headers   'cache-control': 'max-age=300',
220 verbose headers   'content-length': '15471',
220 verbose headers   'accept-ranges': 'bytes',
220 verbose headers   date: 'Wed, 17 May 2017 18:23:08 GMT',
220 verbose headers   via: '1.1 varnish',
220 verbose headers   age: '207',
220 verbose headers   connection: 'keep-alive',
220 verbose headers   'x-served-by': 'cache-mad9427-MAD',
220 verbose headers   'x-cache': 'HIT',
220 verbose headers   'x-cache-hits': '2',
220 verbose headers   'x-timer': 'S1495045389.794133,VS0,VE0',
220 verbose headers   vary: 'Accept-Encoding' }
221 silly get cb [ 200,
221 silly get   { server: 'nginx/1.10.1',
221 silly get     'content-type': 'application/json',
221 silly get     'last-modified': 'Tue, 09 May 2017 09:58:51 GMT',
221 silly get     etag: 'W/"591192db-24b30"',
221 silly get     'content-encoding': 'gzip',
221 silly get     'cache-control': 'max-age=300',
221 silly get     'content-length': '15471',
221 silly get     'accept-ranges': 'bytes',
221 silly get     date: 'Wed, 17 May 2017 18:23:08 GMT',
221 silly get     via: '1.1 varnish',
221 silly get     age: '207',
221 silly get     connection: 'keep-alive',
221 silly get     'x-served-by': 'cache-mad9427-MAD',
221 silly get     'x-cache': 'HIT',
221 silly get     'x-cache-hits': '2',
221 silly get     'x-timer': 'S1495045389.794133,VS0,VE0',
221 silly get     vary: 'Accept-Encoding' } ]
222 verbose get saving angular to C:\Users\Ramon\AppData\Roaming\npm-cache\registry.npmjs.org\angular\.cache.json
223 verbose correctMkdir C:\Users\Ramon\AppData\Roaming\npm-cache correctMkdir not in flight; initializing
224 silly cache afterAdd angular-simple-logger@0.1.7
225 verbose afterAdd C:\Users\Ramon\AppData\Roaming\npm-cache\angular-simple-logger\0.1.7\package\package.json not in flight; writing
226 verbose correctMkdir C:\Users\Ramon\AppData\Roaming\npm-cache correctMkdir not in flight; initializing
227 http 200 https://registry.npmjs.org/lodash
228 verbose headers { server: 'nginx/1.10.1',
228 verbose headers   'content-type': 'application/json',
228 verbose headers   'last-modified': 'Wed, 17 May 2017 09:03:51 GMT',
228 verbose headers   etag: 'W/"591c11f7-294c1"',
228 verbose headers   'content-encoding': 'gzip',
228 verbose headers   'cache-control': 'max-age=300',
228 verbose headers   'content-length': '17503',
228 verbose headers   'accept-ranges': 'bytes',
228 verbose headers   date: 'Wed, 17 May 2017 18:23:08 GMT',
228 verbose headers   via: '1.1 varnish',
228 verbose headers   age: '6',
228 verbose headers   connection: 'keep-alive',
228 verbose headers   'x-served-by': 'cache-mad9432-MAD',
228 verbose headers   'x-cache': 'HIT',
228 verbose headers   'x-cache-hits': '1',
228 verbose headers   'x-timer': 'S1495045389.803437,VS0,VE1',
228 verbose headers   vary: 'Accept-Encoding' }
229 silly get cb [ 200,
229 silly get   { server: 'nginx/1.10.1',
229 silly get     'content-type': 'application/json',
229 silly get     'last-modified': 'Wed, 17 May 2017 09:03:51 GMT',
229 silly get     etag: 'W/"591c11f7-294c1"',
229 silly get     'content-encoding': 'gzip',
229 silly get     'cache-control': 'max-age=300',
229 silly get     'content-length': '17503',
229 silly get     'accept-ranges': 'bytes',
229 silly get     date: 'Wed, 17 May 2017 18:23:08 GMT',
229 silly get     via: '1.1 varnish',
229 silly get     age: '6',
229 silly get     connection: 'keep-alive',
229 silly get     'x-served-by': 'cache-mad9432-MAD',
229 silly get     'x-cache': 'HIT',
229 silly get     'x-cache-hits': '1',
229 silly get     'x-timer': 'S1495045389.803437,VS0,VE1',
229 silly get     vary: 'Accept-Encoding' } ]
230 verbose get saving lodash to C:\Users\Ramon\AppData\Roaming\npm-cache\registry.npmjs.org\lodash\.cache.json
231 verbose correctMkdir C:\Users\Ramon\AppData\Roaming\npm-cache correctMkdir not in flight; initializing
232 verbose afterAdd C:\Users\Ramon\AppData\Roaming\npm-cache\angular-simple-logger\0.1.7\package\package.json written
233 silly pickManifestFromRegistryMetadata spec 2.1.4 tag latest versions [ '2.0.15', '2.0.16', '2.1.2', '2.1.4' ]
234 silly resolveWithNewModule markerclustererplus@2.1.4 checking installable status
235 silly cache add args [ 'markerclustererplus@2.1.4', null ]
236 verbose cache add spec markerclustererplus@2.1.4
237 silly cache add parsed spec Result {
237 silly cache add   raw: 'markerclustererplus@2.1.4',
237 silly cache add   scope: null,
237 silly cache add   escapedName: 'markerclustererplus',
237 silly cache add   name: 'markerclustererplus',
237 silly cache add   rawSpec: '2.1.4',
237 silly cache add   spec: '2.1.4',
237 silly cache add   type: 'version' }
238 silly addNamed markerclustererplus@2.1.4
239 verbose addNamed "2.1.4" is a plain semver version for markerclustererplus
240 silly mapToRegistry name markerclustererplus
241 silly mapToRegistry using default registry
242 silly mapToRegistry registry https://registry.npmjs.org/
243 silly mapToRegistry data Result {
243 silly mapToRegistry   raw: 'markerclustererplus',
243 silly mapToRegistry   scope: null,
243 silly mapToRegistry   escapedName: 'markerclustererplus',
243 silly mapToRegistry   name: 'markerclustererplus',
243 silly mapToRegistry   rawSpec: '',
243 silly mapToRegistry   spec: 'latest',
243 silly mapToRegistry   type: 'tag' }
244 silly mapToRegistry uri https://registry.npmjs.org/markerclustererplus
245 verbose addNameVersion registry:https://registry.npmjs.org/markerclustererplus not in flight; fetching
246 silly pickManifestFromRegistryMetadata spec 1.1.14 tag latest versions [ '1.1.13', '1.1.14' ]
247 silly resolveWithNewModule google-maps-utility-library-v3-infobox@1.1.14 checking installable status
248 silly cache add args [ 'google-maps-utility-library-v3-infobox@1.1.14', null ]
249 verbose cache add spec google-maps-utility-library-v3-infobox@1.1.14
250 silly cache add parsed spec Result {
250 silly cache add   raw: 'google-maps-utility-library-v3-infobox@1.1.14',
250 silly cache add   scope: null,
250 silly cache add   escapedName: 'google-maps-utility-library-v3-infobox',
250 silly cache add   name: 'google-maps-utility-library-v3-infobox',
250 silly cache add   rawSpec: '1.1.14',
250 silly cache add   spec: '1.1.14',
250 silly cache add   type: 'version' }
251 silly addNamed google-maps-utility-library-v3-infobox@1.1.14
252 verbose addNamed "1.1.14" is a plain semver version for google-maps-utility-library-v3-infobox
253 silly mapToRegistry name google-maps-utility-library-v3-infobox
254 silly mapToRegistry using default registry
255 silly mapToRegistry registry https://registry.npmjs.org/
256 silly mapToRegistry data Result {
256 silly mapToRegistry   raw: 'google-maps-utility-library-v3-infobox',
256 silly mapToRegistry   scope: null,
256 silly mapToRegistry   escapedName: 'google-maps-utility-library-v3-infobox',
256 silly mapToRegistry   name: 'google-maps-utility-library-v3-infobox',
256 silly mapToRegistry   rawSpec: '',
256 silly mapToRegistry   spec: 'latest',
256 silly mapToRegistry   type: 'tag' }
257 silly mapToRegistry uri https://registry.npmjs.org/google-maps-utility-library-v3-infobox
258 verbose addNameVersion registry:https://registry.npmjs.org/google-maps-utility-library-v3-infobox not in flight; fetching
259 verbose get https://registry.npmjs.org/markerclustererplus not expired, no request
260 verbose get https://registry.npmjs.org/google-maps-utility-library-v3-infobox not expired, no request
261 silly pickManifestFromRegistryMetadata spec >=1.2.0 <1.7.0 tag latest versions [ '0.0.1',
261 silly pickManifestFromRegistryMetadata   '0.0.1-1',
261 silly pickManifestFromRegistryMetadata   '0.0.1-2',
261 silly pickManifestFromRegistryMetadata   '0.0.2',
261 silly pickManifestFromRegistryMetadata   '0.0.3',
261 silly pickManifestFromRegistryMetadata   '0.0.4',
261 silly pickManifestFromRegistryMetadata   '1.0.0',
261 silly pickManifestFromRegistryMetadata   '1.0.1',
261 silly pickManifestFromRegistryMetadata   '1.0.2',
261 silly pickManifestFromRegistryMetadata   '1.0.3',
261 silly pickManifestFromRegistryMetadata   '1.0.4',
261 silly pickManifestFromRegistryMetadata   '1.0.5',
261 silly pickManifestFromRegistryMetadata   '1.0.6',
261 silly pickManifestFromRegistryMetadata   '1.0.7',
261 silly pickManifestFromRegistryMetadata   '1.0.8',
261 silly pickManifestFromRegistryMetadata   '1.1.0',
261 silly pickManifestFromRegistryMetadata   '1.1.1',
261 silly pickManifestFromRegistryMetadata   '1.1.2',
261 silly pickManifestFromRegistryMetadata   '1.1.3',
261 silly pickManifestFromRegistryMetadata   '1.1.4',
261 silly pickManifestFromRegistryMetadata   '1.1.5',
261 silly pickManifestFromRegistryMetadata   '1.2.0',
261 silly pickManifestFromRegistryMetadata   '1.2.1',
261 silly pickManifestFromRegistryMetadata   '1.2.2',
261 silly pickManifestFromRegistryMetadata   '1.2.3',
261 silly pickManifestFromRegistryMetadata   '1.2.4',
261 silly pickManifestFromRegistryMetadata   '1.2.5',
261 silly pickManifestFromRegistryMetadata   '1.2.6',
261 silly pickManifestFromRegistryMetadata   '1.2.7',
261 silly pickManifestFromRegistryMetadata   '1.2.8',
261 silly pickManifestFromRegistryMetadata   '1.2.9',
261 silly pickManifestFromRegistryMetadata   '1.2.10',
261 silly pickManifestFromRegistryMetadata   '1.2.11',
261 silly pickManifestFromRegistryMetadata   '1.2.12',
261 silly pickManifestFromRegistryMetadata   '1.2.13',
261 silly pickManifestFromRegistryMetadata   '1.2.14',
261 silly pickManifestFromRegistryMetadata   '1.2.15',
261 silly pickManifestFromRegistryMetadata   '1.2.16',
261 silly pickManifestFromRegistryMetadata   '1.2.17',
261 silly pickManifestFromRegistryMetadata   '1.2.18',
261 silly pickManifestFromRegistryMetadata   '1.2.19',
261 silly pickManifestFromRegistryMetadata   '1.2.20',
261 silly pickManifestFromRegistryMetadata   '1.2.21',
261 silly pickManifestFromRegistryMetadata   '1.2.22',
261 silly pickManifestFromRegistryMetadata   '1.2.23',
261 silly pickManifestFromRegistryMetadata   '1.3.0-rc.5',
261 silly pickManifestFromRegistryMetadata   '1.3.0',
261 silly pickManifestFromRegistryMetadata   '1.3.1',
261 silly pickManifestFromRegistryMetadata   '1.3.2',
261 silly pickManifestFromRegistryMetadata   '1.3.3',
261 silly pickManifestFromRegistryMetadata   '1.3.4-build.3588',
261 silly pickManifestFromRegistryMetadata   '1.2.27',
261 silly pickManifestFromRegistryMetadata   '1.3.4',
261 silly pickManifestFromRegistryMetadata   '1.3.5',
261 silly pickManifestFromRegistryMetadata   '1.3.6',
261 silly pickManifestFromRegistryMetadata   '1.3.7',
261 silly pickManifestFromRegistryMetadata   '1.2.28',
261 silly pickManifestFromRegistryMetadata   '1.3.8',
261 silly pickManifestFromRegistryMetadata   '1.4.0-beta.0',
261 silly pickManifestFromRegistryMetadata   '1.3.9',
261 silly pickManifestFromRegistryMetadata   '1.3.10',
261 silly pickManifestFromRegistryMetadata   '1.4.0-beta.1',
261 silly pickManifestFromRegistryMetadata   '1.4.0-beta.2',
261 silly pickManifestFromRegistryMetadata   '1.3.11',
261 silly pickManifestFromRegistryMetadata   '1.4.0-beta.3',
261 silly pickManifestFromRegistryMetadata   '1.3.12',
261 silly pickManifestFromRegistryMetadata   '1.3.13',
261 silly pickManifestFromRegistryMetadata   '1.4.0-beta.4',
261 silly pickManifestFromRegistryMetadata   '1.3.14',
261 silly pickManifestFromRegistryMetadata   '1.4.0-beta.5',
261 silly pickManifestFromRegistryMetadata   '1.4.0-beta.6',
261 silly pickManifestFromRegistryMetadata   '1.3.15',
261 silly pickManifestFromRegistryMetadata   '1.4.0-rc.0',
261 silly pickManifestFromRegistryMetadata   '1.4.0-rc.1',
261 silly pickManifestFromRegistryMetadata   '1.4.0-rc.2',
261 silly pickManifestFromRegistryMetadata   '1.4.0',
261 silly pickManifestFromRegistryMetadata   '1.3.16',
261 silly pickManifestFromRegistryMetadata   '1.4.1',
261 silly pickManifestFromRegistryMetadata   '1.4.2',
261 silly pickManifestFromRegistryMetadata   '1.3.17',
261 silly pickManifestFromRegistryMetadata   '1.4.3',
261 silly pickManifestFromRegistryMetadata   '1.4.4',
261 silly pickManifestFromRegistryMetadata   '1.3.18',
261 silly pickManifestFromRegistryMetadata   '1.4.5',
261 silly pickManifestFromRegistryMetadata   '1.3.19',
261 silly pickManifestFromRegistryMetadata   '1.4.6',
261 silly pickManifestFromRegistryMetadata   '1.5.0-beta.0',
261 silly pickManifestFromRegistryMetadata   '1.2.29',
261 silly pickManifestFromRegistryMetadata   '1.3.20',
261 silly pickManifestFromRegistryMetadata   '1.4.7',
261 silly pickManifestFromRegistryMetadata   '1.5.0-beta.2',
261 silly pickManifestFromRegistryMetadata   '1.4.8',
261 silly pickManifestFromRegistryMetadata   '1.5.0-rc.0',
261 silly pickManifestFromRegistryMetadata   '1.5.0-rc.1',
261 silly pickManifestFromRegistryMetadata   '1.4.9',
261 silly pickManifestFromRegistryMetadata   '1.5.0-rc.2',
261 silly pickManifestFromRegistryMetadata   '1.5.0',
261 silly pickManifestFromRegistryMetadata   '1.5.1',
261 silly pickManifestFromRegistryMetadata   '1.4.10',
261 silly pickManifestFromRegistryMetadata   '1.5.2',
261 silly pickManifestFromRegistryMetadata   ... 23 more items ]
262 silly resolveWithNewModule angular@1.6.4 checking installable status
263 silly cache add args [ 'angular@1.2 - 1.6', null ]
264 verbose cache add spec angular@1.2 - 1.6
265 silly cache add parsed spec Result {
265 silly cache add   raw: 'angular@1.2 - 1.6',
265 silly cache add   scope: null,
265 silly cache add   escapedName: 'angular',
265 silly cache add   name: 'angular',
265 silly cache add   rawSpec: '1.2 - 1.6',
265 silly cache add   spec: '>=1.2.0 <1.7.0',
265 silly cache add   type: 'range' }
266 silly addNamed angular@>=1.2.0 <1.7.0
267 verbose addNamed ">=1.2.0 <1.7.0" is a valid semver range for angular
268 silly addNameRange { name: 'angular', range: '>=1.2.0 <1.7.0', hasData: false }
269 silly mapToRegistry name angular
270 silly mapToRegistry using default registry
271 silly mapToRegistry registry https://registry.npmjs.org/
272 silly mapToRegistry data Result {
272 silly mapToRegistry   raw: 'angular',
272 silly mapToRegistry   scope: null,
272 silly mapToRegistry   escapedName: 'angular',
272 silly mapToRegistry   name: 'angular',
272 silly mapToRegistry   rawSpec: '',
272 silly mapToRegistry   spec: 'latest',
272 silly mapToRegistry   type: 'tag' }
273 silly mapToRegistry uri https://registry.npmjs.org/angular
274 verbose addNameRange registry:https://registry.npmjs.org/angular not in flight; fetching
275 silly mapToRegistry name markerclustererplus
276 silly mapToRegistry using default registry
277 silly mapToRegistry registry https://registry.npmjs.org/
278 silly mapToRegistry data Result {
278 silly mapToRegistry   raw: 'markerclustererplus',
278 silly mapToRegistry   scope: null,
278 silly mapToRegistry   escapedName: 'markerclustererplus',
278 silly mapToRegistry   name: 'markerclustererplus',
278 silly mapToRegistry   rawSpec: '',
278 silly mapToRegistry   spec: 'latest',
278 silly mapToRegistry   type: 'tag' }
279 silly mapToRegistry uri https://registry.npmjs.org/markerclustererplus
280 verbose addRemoteTarball https://registry.npmjs.org/markerclustererplus/-/markerclustererplus-2.1.4.tgz not in flight; adding
281 verbose addRemoteTarball [ 'https://registry.npmjs.org/markerclustererplus/-/markerclustererplus-2.1.4.tgz',
281 verbose addRemoteTarball   '901225180dd5d5fc0827753a18eee35afcf9c4f7' ]
282 verbose get https://registry.npmjs.org/angular not expired, no request
283 silly addNameRange number 2 { name: 'angular', range: '>=1.2.0 <1.7.0', hasData: true }
284 silly addNameRange versions [ 'angular',
284 silly addNameRange   [ '0.0.1',
284 silly addNameRange     '0.0.1-1',
284 silly addNameRange     '0.0.1-2',
284 silly addNameRange     '0.0.2',
284 silly addNameRange     '0.0.3',
284 silly addNameRange     '0.0.4',
284 silly addNameRange     '1.0.0',
284 silly addNameRange     '1.0.1',
284 silly addNameRange     '1.0.2',
284 silly addNameRange     '1.0.3',
284 silly addNameRange     '1.0.4',
284 silly addNameRange     '1.0.5',
284 silly addNameRange     '1.0.6',
284 silly addNameRange     '1.0.7',
284 silly addNameRange     '1.0.8',
284 silly addNameRange     '1.1.0',
284 silly addNameRange     '1.1.1',
284 silly addNameRange     '1.1.2',
284 silly addNameRange     '1.1.3',
284 silly addNameRange     '1.1.4',
284 silly addNameRange     '1.1.5',
284 silly addNameRange     '1.2.0',
284 silly addNameRange     '1.2.1',
284 silly addNameRange     '1.2.2',
284 silly addNameRange     '1.2.3',
284 silly addNameRange     '1.2.4',
284 silly addNameRange     '1.2.5',
284 silly addNameRange     '1.2.6',
284 silly addNameRange     '1.2.7',
284 silly addNameRange     '1.2.8',
284 silly addNameRange     '1.2.9',
284 silly addNameRange     '1.2.10',
284 silly addNameRange     '1.2.11',
284 silly addNameRange     '1.2.12',
284 silly addNameRange     '1.2.13',
284 silly addNameRange     '1.2.14',
284 silly addNameRange     '1.2.15',
284 silly addNameRange     '1.2.16',
284 silly addNameRange     '1.2.17',
284 silly addNameRange     '1.2.18',
284 silly addNameRange     '1.2.19',
284 silly addNameRange     '1.2.20',
284 silly addNameRange     '1.2.21',
284 silly addNameRange     '1.2.22',
284 silly addNameRange     '1.2.23',
284 silly addNameRange     '1.3.0-rc.5',
284 silly addNameRange     '1.3.0',
284 silly addNameRange     '1.3.1',
284 silly addNameRange     '1.3.2',
284 silly addNameRange     '1.3.3',
284 silly addNameRange     '1.3.4-build.3588',
284 silly addNameRange     '1.2.27',
284 silly addNameRange     '1.3.4',
284 silly addNameRange     '1.3.5',
284 silly addNameRange     '1.3.6',
284 silly addNameRange     '1.3.7',
284 silly addNameRange     '1.2.28',
284 silly addNameRange     '1.3.8',
284 silly addNameRange     '1.4.0-beta.0',
284 silly addNameRange     '1.3.9',
284 silly addNameRange     '1.3.10',
284 silly addNameRange     '1.4.0-beta.1',
284 silly addNameRange     '1.4.0-beta.2',
284 silly addNameRange     '1.3.11',
284 silly addNameRange     '1.4.0-beta.3',
284 silly addNameRange     '1.3.12',
284 silly addNameRange     '1.3.13',
284 silly addNameRange     '1.4.0-beta.4',
284 silly addNameRange     '1.3.14',
284 silly addNameRange     '1.4.0-beta.5',
284 silly addNameRange     '1.4.0-beta.6',
284 silly addNameRange     '1.3.15',
284 silly addNameRange     '1.4.0-rc.0',
284 silly addNameRange     '1.4.0-rc.1',
284 silly addNameRange     '1.4.0-rc.2',
284 silly addNameRange     '1.4.0',
284 silly addNameRange     '1.3.16',
284 silly addNameRange     '1.4.1',
284 silly addNameRange     '1.4.2',
284 silly addNameRange     '1.3.17',
284 silly addNameRange     '1.4.3',
284 silly addNameRange     '1.4.4',
284 silly addNameRange     '1.3.18',
284 silly addNameRange     '1.4.5',
284 silly addNameRange     '1.3.19',
284 silly addNameRange     '1.4.6',
284 silly addNameRange     '1.5.0-beta.0',
284 silly addNameRange     '1.2.29',
284 silly addNameRange     '1.3.20',
284 silly addNameRange     '1.4.7',
284 silly addNameRange     '1.5.0-beta.2',
284 silly addNameRange     '1.4.8',
284 silly addNameRange     '1.5.0-rc.0',
284 silly addNameRange     '1.5.0-rc.1',
284 silly addNameRange     '1.4.9',
284 silly addNameRange     '1.5.0-rc.2',
284 silly addNameRange     '1.5.0',
284 silly addNameRange     '1.5.1',
284 silly addNameRange     '1.4.10',
284 silly addNameRange     '1.5.2',
284 silly addNameRange     ... 23 more items ] ]
285 silly pickManifestFromRegistryMetadata spec >=1.2.0 <1.7.0 tag latest versions [ '0.0.1',
285 silly pickManifestFromRegistryMetadata   '0.0.1-1',
285 silly pickManifestFromRegistryMetadata   '0.0.1-2',
285 silly pickManifestFromRegistryMetadata   '0.0.2',
285 silly pickManifestFromRegistryMetadata   '0.0.3',
285 silly pickManifestFromRegistryMetadata   '0.0.4',
285 silly pickManifestFromRegistryMetadata   '1.0.0',
285 silly pickManifestFromRegistryMetadata   '1.0.1',
285 silly pickManifestFromRegistryMetadata   '1.0.2',
285 silly pickManifestFromRegistryMetadata   '1.0.3',
285 silly pickManifestFromRegistryMetadata   '1.0.4',
285 silly pickManifestFromRegistryMetadata   '1.0.5',
285 silly pickManifestFromRegistryMetadata   '1.0.6',
285 silly pickManifestFromRegistryMetadata   '1.0.7',
285 silly pickManifestFromRegistryMetadata   '1.0.8',
285 silly pickManifestFromRegistryMetadata   '1.1.0',
285 silly pickManifestFromRegistryMetadata   '1.1.1',
285 silly pickManifestFromRegistryMetadata   '1.1.2',
285 silly pickManifestFromRegistryMetadata   '1.1.3',
285 silly pickManifestFromRegistryMetadata   '1.1.4',
285 silly pickManifestFromRegistryMetadata   '1.1.5',
285 silly pickManifestFromRegistryMetadata   '1.2.0',
285 silly pickManifestFromRegistryMetadata   '1.2.1',
285 silly pickManifestFromRegistryMetadata   '1.2.2',
285 silly pickManifestFromRegistryMetadata   '1.2.3',
285 silly pickManifestFromRegistryMetadata   '1.2.4',
285 silly pickManifestFromRegistryMetadata   '1.2.5',
285 silly pickManifestFromRegistryMetadata   '1.2.6',
285 silly pickManifestFromRegistryMetadata   '1.2.7',
285 silly pickManifestFromRegistryMetadata   '1.2.8',
285 silly pickManifestFromRegistryMetadata   '1.2.9',
285 silly pickManifestFromRegistryMetadata   '1.2.10',
285 silly pickManifestFromRegistryMetadata   '1.2.11',
285 silly pickManifestFromRegistryMetadata   '1.2.12',
285 silly pickManifestFromRegistryMetadata   '1.2.13',
285 silly pickManifestFromRegistryMetadata   '1.2.14',
285 silly pickManifestFromRegistryMetadata   '1.2.15',
285 silly pickManifestFromRegistryMetadata   '1.2.16',
285 silly pickManifestFromRegistryMetadata   '1.2.17',
285 silly pickManifestFromRegistryMetadata   '1.2.18',
285 silly pickManifestFromRegistryMetadata   '1.2.19',
285 silly pickManifestFromRegistryMetadata   '1.2.20',
285 silly pickManifestFromRegistryMetadata   '1.2.21',
285 silly pickManifestFromRegistryMetadata   '1.2.22',
285 silly pickManifestFromRegistryMetadata   '1.2.23',
285 silly pickManifestFromRegistryMetadata   '1.3.0-rc.5',
285 silly pickManifestFromRegistryMetadata   '1.3.0',
285 silly pickManifestFromRegistryMetadata   '1.3.1',
285 silly pickManifestFromRegistryMetadata   '1.3.2',
285 silly pickManifestFromRegistryMetadata   '1.3.3',
285 silly pickManifestFromRegistryMetadata   '1.3.4-build.3588',
285 silly pickManifestFromRegistryMetadata   '1.2.27',
285 silly pickManifestFromRegistryMetadata   '1.3.4',
285 silly pickManifestFromRegistryMetadata   '1.3.5',
285 silly pickManifestFromRegistryMetadata   '1.3.6',
285 silly pickManifestFromRegistryMetadata   '1.3.7',
285 silly pickManifestFromRegistryMetadata   '1.2.28',
285 silly pickManifestFromRegistryMetadata   '1.3.8',
285 silly pickManifestFromRegistryMetadata   '1.4.0-beta.0',
285 silly pickManifestFromRegistryMetadata   '1.3.9',
285 silly pickManifestFromRegistryMetadata   '1.3.10',
285 silly pickManifestFromRegistryMetadata   '1.4.0-beta.1',
285 silly pickManifestFromRegistryMetadata   '1.4.0-beta.2',
285 silly pickManifestFromRegistryMetadata   '1.3.11',
285 silly pickManifestFromRegistryMetadata   '1.4.0-beta.3',
285 silly pickManifestFromRegistryMetadata   '1.3.12',
285 silly pickManifestFromRegistryMetadata   '1.3.13',
285 silly pickManifestFromRegistryMetadata   '1.4.0-beta.4',
285 silly pickManifestFromRegistryMetadata   '1.3.14',
285 silly pickManifestFromRegistryMetadata   '1.4.0-beta.5',
285 silly pickManifestFromRegistryMetadata   '1.4.0-beta.6',
285 silly pickManifestFromRegistryMetadata   '1.3.15',
285 silly pickManifestFromRegistryMetadata   '1.4.0-rc.0',
285 silly pickManifestFromRegistryMetadata   '1.4.0-rc.1',
285 silly pickManifestFromRegistryMetadata   '1.4.0-rc.2',
285 silly pickManifestFromRegistryMetadata   '1.4.0',
285 silly pickManifestFromRegistryMetadata   '1.3.16',
285 silly pickManifestFromRegistryMetadata   '1.4.1',
285 silly pickManifestFromRegistryMetadata   '1.4.2',
285 silly pickManifestFromRegistryMetadata   '1.3.17',
285 silly pickManifestFromRegistryMetadata   '1.4.3',
285 silly pickManifestFromRegistryMetadata   '1.4.4',
285 silly pickManifestFromRegistryMetadata   '1.3.18',
285 silly pickManifestFromRegistryMetadata   '1.4.5',
285 silly pickManifestFromRegistryMetadata   '1.3.19',
285 silly pickManifestFromRegistryMetadata   '1.4.6',
285 silly pickManifestFromRegistryMetadata   '1.5.0-beta.0',
285 silly pickManifestFromRegistryMetadata   '1.2.29',
285 silly pickManifestFromRegistryMetadata   '1.3.20',
285 silly pickManifestFromRegistryMetadata   '1.4.7',
285 silly pickManifestFromRegistryMetadata   '1.5.0-beta.2',
285 silly pickManifestFromRegistryMetadata   '1.4.8',
285 silly pickManifestFromRegistryMetadata   '1.5.0-rc.0',
285 silly pickManifestFromRegistryMetadata   '1.5.0-rc.1',
285 silly pickManifestFromRegistryMetadata   '1.4.9',
285 silly pickManifestFromRegistryMetadata   '1.5.0-rc.2',
285 silly pickManifestFromRegistryMetadata   '1.5.0',
285 silly pickManifestFromRegistryMetadata   '1.5.1',
285 silly pickManifestFromRegistryMetadata   '1.4.10',
285 silly pickManifestFromRegistryMetadata   '1.5.2',
285 silly pickManifestFromRegistryMetadata   ... 23 more items ]
286 silly addNamed angular@latest
287 verbose addNamed "latest" is being treated as a dist-tag for angular
288 info addNameTag [ 'angular', 'latest' ]
289 silly mapToRegistry name angular
290 silly mapToRegistry using default registry
291 silly mapToRegistry registry https://registry.npmjs.org/
292 silly mapToRegistry data Result {
292 silly mapToRegistry   raw: 'angular',
292 silly mapToRegistry   scope: null,
292 silly mapToRegistry   escapedName: 'angular',
292 silly mapToRegistry   name: 'angular',
292 silly mapToRegistry   rawSpec: '',
292 silly mapToRegistry   spec: 'latest',
292 silly mapToRegistry   type: 'tag' }
293 silly mapToRegistry uri https://registry.npmjs.org/angular
294 verbose addNameTag registry:https://registry.npmjs.org/angular already in flight; waiting
295 silly addNameTag next cb for angular with tag latest
296 silly addNamed angular@1.6.4
297 verbose addNamed "1.6.4" is a plain semver version for angular
298 silly mapToRegistry name google-maps-utility-library-v3-infobox
299 silly mapToRegistry using default registry
300 silly mapToRegistry registry https://registry.npmjs.org/
301 silly mapToRegistry data Result {
301 silly mapToRegistry   raw: 'google-maps-utility-library-v3-infobox',
301 silly mapToRegistry   scope: null,
301 silly mapToRegistry   escapedName: 'google-maps-utility-library-v3-infobox',
301 silly mapToRegistry   name: 'google-maps-utility-library-v3-infobox',
301 silly mapToRegistry   rawSpec: '',
301 silly mapToRegistry   spec: 'latest',
301 silly mapToRegistry   type: 'tag' }
302 silly mapToRegistry uri https://registry.npmjs.org/google-maps-utility-library-v3-infobox
303 verbose addRemoteTarball https://registry.npmjs.org/google-maps-utility-library-v3-infobox/-/google-maps-utility-library-v3-infobox-1.1.14.tgz not in flight; adding
304 verbose addRemoteTarball [ 'https://registry.npmjs.org/google-maps-utility-library-v3-infobox/-/google-maps-utility-library-v3-infobox-1.1.14.tgz',
304 verbose addRemoteTarball   '69c888cef8bff869c32275e3413d90cc09392914' ]
305 info retry fetch attempt 1 at 20:23:05
306 info attempt registry request try #1 at 20:23:05
307 http fetch GET https://registry.npmjs.org/markerclustererplus/-/markerclustererplus-2.1.4.tgz
308 info retry fetch attempt 1 at 20:23:05
309 info attempt registry request try #1 at 20:23:05
310 http fetch GET https://registry.npmjs.org/google-maps-utility-library-v3-infobox/-/google-maps-utility-library-v3-infobox-1.1.14.tgz
311 silly pickManifestFromRegistryMetadata spec >=3.0.0 <5.0.0 tag latest versions [ '0.1.0',
311 silly pickManifestFromRegistryMetadata   '0.2.0',
311 silly pickManifestFromRegistryMetadata   '0.2.1',
311 silly pickManifestFromRegistryMetadata   '0.2.2',
311 silly pickManifestFromRegistryMetadata   '0.3.0',
311 silly pickManifestFromRegistryMetadata   '0.3.1',
311 silly pickManifestFromRegistryMetadata   '0.3.2',
311 silly pickManifestFromRegistryMetadata   '0.4.0',
311 silly pickManifestFromRegistryMetadata   '0.4.1',
311 silly pickManifestFromRegistryMetadata   '0.4.2',
311 silly pickManifestFromRegistryMetadata   '0.5.0-rc.1',
311 silly pickManifestFromRegistryMetadata   '0.5.0',
311 silly pickManifestFromRegistryMetadata   '0.5.1',
311 silly pickManifestFromRegistryMetadata   '0.5.2',
311 silly pickManifestFromRegistryMetadata   '0.6.0',
311 silly pickManifestFromRegistryMetadata   '0.6.1',
311 silly pickManifestFromRegistryMetadata   '0.7.0',
311 silly pickManifestFromRegistryMetadata   '0.8.0',
311 silly pickManifestFromRegistryMetadata   '0.8.1',
311 silly pickManifestFromRegistryMetadata   '0.8.2',
311 silly pickManifestFromRegistryMetadata   '0.9.0',
311 silly pickManifestFromRegistryMetadata   '0.9.1',
311 silly pickManifestFromRegistryMetadata   '0.9.2',
311 silly pickManifestFromRegistryMetadata   '0.10.0',
311 silly pickManifestFromRegistryMetadata   '1.0.0-rc.1',
311 silly pickManifestFromRegistryMetadata   '1.0.0-rc.2',
311 silly pickManifestFromRegistryMetadata   '1.0.0-rc.3',
311 silly pickManifestFromRegistryMetadata   '1.0.0',
311 silly pickManifestFromRegistryMetadata   '1.0.1',
311 silly pickManifestFromRegistryMetadata   '1.1.0',
311 silly pickManifestFromRegistryMetadata   '1.1.1',
311 silly pickManifestFromRegistryMetadata   '1.2.0',
311 silly pickManifestFromRegistryMetadata   '1.2.1',
311 silly pickManifestFromRegistryMetadata   '1.3.0',
311 silly pickManifestFromRegistryMetadata   '1.3.1',
311 silly pickManifestFromRegistryMetadata   '2.0.0',
311 silly pickManifestFromRegistryMetadata   '2.1.0',
311 silly pickManifestFromRegistryMetadata   '2.2.0',
311 silly pickManifestFromRegistryMetadata   '2.2.1',
311 silly pickManifestFromRegistryMetadata   '2.3.0',
311 silly pickManifestFromRegistryMetadata   '2.4.0',
311 silly pickManifestFromRegistryMetadata   '2.4.1',
311 silly pickManifestFromRegistryMetadata   '3.0.0',
311 silly pickManifestFromRegistryMetadata   '3.0.1',
311 silly pickManifestFromRegistryMetadata   '3.1.0',
311 silly pickManifestFromRegistryMetadata   '3.2.0',
311 silly pickManifestFromRegistryMetadata   '3.3.0',
311 silly pickManifestFromRegistryMetadata   '3.3.1',
311 silly pickManifestFromRegistryMetadata   '3.4.0',
311 silly pickManifestFromRegistryMetadata   '3.5.0',
311 silly pickManifestFromRegistryMetadata   '3.6.0',
311 silly pickManifestFromRegistryMetadata   '1.0.2',
311 silly pickManifestFromRegistryMetadata   '3.7.0',
311 silly pickManifestFromRegistryMetadata   '2.4.2',
311 silly pickManifestFromRegistryMetadata   '3.8.0',
311 silly pickManifestFromRegistryMetadata   '3.9.0',
311 silly pickManifestFromRegistryMetadata   '3.9.1',
311 silly pickManifestFromRegistryMetadata   '3.9.2',
311 silly pickManifestFromRegistryMetadata   '3.9.3',
311 silly pickManifestFromRegistryMetadata   '3.10.0',
311 silly pickManifestFromRegistryMetadata   '3.10.1',
311 silly pickManifestFromRegistryMetadata   '4.0.0',
311 silly pickManifestFromRegistryMetadata   '4.0.1',
311 silly pickManifestFromRegistryMetadata   '4.1.0',
311 silly pickManifestFromRegistryMetadata   '4.2.0',
311 silly pickManifestFromRegistryMetadata   '4.2.1',
311 silly pickManifestFromRegistryMetadata   '4.3.0',
311 silly pickManifestFromRegistryMetadata   '4.4.0',
311 silly pickManifestFromRegistryMetadata   '4.5.0',
311 silly pickManifestFromRegistryMetadata   '4.5.1',
311 silly pickManifestFromRegistryMetadata   '4.6.0',
311 silly pickManifestFromRegistryMetadata   '4.6.1',
311 silly pickManifestFromRegistryMetadata   '4.7.0',
311 silly pickManifestFromRegistryMetadata   '4.8.0',
311 silly pickManifestFromRegistryMetadata   '4.8.1',
311 silly pickManifestFromRegistryMetadata   '4.8.2',
311 silly pickManifestFromRegistryMetadata   '4.9.0',
311 silly pickManifestFromRegistryMetadata   '4.10.0',
311 silly pickManifestFromRegistryMetadata   '4.11.0',
311 silly pickManifestFromRegistryMetadata   '4.11.1',
311 silly pickManifestFromRegistryMetadata   '4.11.2',
311 silly pickManifestFromRegistryMetadata   '4.12.0',
311 silly pickManifestFromRegistryMetadata   '4.13.0',
311 silly pickManifestFromRegistryMetadata   '4.13.1',
311 silly pickManifestFromRegistryMetadata   '4.14.0',
311 silly pickManifestFromRegistryMetadata   '4.14.1',
311 silly pickManifestFromRegistryMetadata   '4.14.2',
311 silly pickManifestFromRegistryMetadata   '4.15.0',
311 silly pickManifestFromRegistryMetadata   '4.16.0',
311 silly pickManifestFromRegistryMetadata   '4.16.1',
311 silly pickManifestFromRegistryMetadata   '4.16.2',
311 silly pickManifestFromRegistryMetadata   '4.16.3',
311 silly pickManifestFromRegistryMetadata   '4.16.4',
311 silly pickManifestFromRegistryMetadata   '4.16.5',
311 silly pickManifestFromRegistryMetadata   '4.16.6',
311 silly pickManifestFromRegistryMetadata   '4.17.0',
311 silly pickManifestFromRegistryMetadata   '4.17.1',
311 silly pickManifestFromRegistryMetadata   '4.17.2',
311 silly pickManifestFromRegistryMetadata   '4.17.3',
311 silly pickManifestFromRegistryMetadata   '4.17.4' ]
312 silly resolveWithNewModule lodash@4.17.4 checking installable status
313 silly cache add args [ 'lodash@3.X - 4.X', null ]
314 verbose cache add spec lodash@3.X - 4.X
315 silly cache add parsed spec Result {
315 silly cache add   raw: 'lodash@3.X - 4.X',
315 silly cache add   scope: null,
315 silly cache add   escapedName: 'lodash',
315 silly cache add   name: 'lodash',
315 silly cache add   rawSpec: '3.X - 4.X',
315 silly cache add   spec: '>=3.0.0 <5.0.0',
315 silly cache add   type: 'range' }
316 silly addNamed lodash@>=3.0.0 <5.0.0
317 verbose addNamed ">=3.0.0 <5.0.0" is a valid semver range for lodash
318 silly addNameRange { name: 'lodash', range: '>=3.0.0 <5.0.0', hasData: false }
319 silly mapToRegistry name lodash
320 silly mapToRegistry using default registry
321 silly mapToRegistry registry https://registry.npmjs.org/
322 silly mapToRegistry data Result {
322 silly mapToRegistry   raw: 'lodash',
322 silly mapToRegistry   scope: null,
322 silly mapToRegistry   escapedName: 'lodash',
322 silly mapToRegistry   name: 'lodash',
322 silly mapToRegistry   rawSpec: '',
322 silly mapToRegistry   spec: 'latest',
322 silly mapToRegistry   type: 'tag' }
323 silly mapToRegistry uri https://registry.npmjs.org/lodash
324 verbose addNameRange registry:https://registry.npmjs.org/lodash not in flight; fetching
325 verbose get https://registry.npmjs.org/lodash not expired, no request
326 silly addNameRange number 2 { name: 'lodash', range: '>=3.0.0 <5.0.0', hasData: true }
327 silly addNameRange versions [ 'lodash',
327 silly addNameRange   [ '0.1.0',
327 silly addNameRange     '0.2.0',
327 silly addNameRange     '0.2.1',
327 silly addNameRange     '0.2.2',
327 silly addNameRange     '0.3.0',
327 silly addNameRange     '0.3.1',
327 silly addNameRange     '0.3.2',
327 silly addNameRange     '0.4.0',
327 silly addNameRange     '0.4.1',
327 silly addNameRange     '0.4.2',
327 silly addNameRange     '0.5.0-rc.1',
327 silly addNameRange     '0.5.0',
327 silly addNameRange     '0.5.1',
327 silly addNameRange     '0.5.2',
327 silly addNameRange     '0.6.0',
327 silly addNameRange     '0.6.1',
327 silly addNameRange     '0.7.0',
327 silly addNameRange     '0.8.0',
327 silly addNameRange     '0.8.1',
327 silly addNameRange     '0.8.2',
327 silly addNameRange     '0.9.0',
327 silly addNameRange     '0.9.1',
327 silly addNameRange     '0.9.2',
327 silly addNameRange     '0.10.0',
327 silly addNameRange     '1.0.0-rc.1',
327 silly addNameRange     '1.0.0-rc.2',
327 silly addNameRange     '1.0.0-rc.3',
327 silly addNameRange     '1.0.0',
327 silly addNameRange     '1.0.1',
327 silly addNameRange     '1.1.0',
327 silly addNameRange     '1.1.1',
327 silly addNameRange     '1.2.0',
327 silly addNameRange     '1.2.1',
327 silly addNameRange     '1.3.0',
327 silly addNameRange     '1.3.1',
327 silly addNameRange     '2.0.0',
327 silly addNameRange     '2.1.0',
327 silly addNameRange     '2.2.0',
327 silly addNameRange     '2.2.1',
327 silly addNameRange     '2.3.0',
327 silly addNameRange     '2.4.0',
327 silly addNameRange     '2.4.1',
327 silly addNameRange     '3.0.0',
327 silly addNameRange     '3.0.1',
327 silly addNameRange     '3.1.0',
327 silly addNameRange     '3.2.0',
327 silly addNameRange     '3.3.0',
327 silly addNameRange     '3.3.1',
327 silly addNameRange     '3.4.0',
327 silly addNameRange     '3.5.0',
327 silly addNameRange     '3.6.0',
327 silly addNameRange     '1.0.2',
327 silly addNameRange     '3.7.0',
327 silly addNameRange     '2.4.2',
327 silly addNameRange     '3.8.0',
327 silly addNameRange     '3.9.0',
327 silly addNameRange     '3.9.1',
327 silly addNameRange     '3.9.2',
327 silly addNameRange     '3.9.3',
327 silly addNameRange     '3.10.0',
327 silly addNameRange     '3.10.1',
327 silly addNameRange     '4.0.0',
327 silly addNameRange     '4.0.1',
327 silly addNameRange     '4.1.0',
327 silly addNameRange     '4.2.0',
327 silly addNameRange     '4.2.1',
327 silly addNameRange     '4.3.0',
327 silly addNameRange     '4.4.0',
327 silly addNameRange     '4.5.0',
327 silly addNameRange     '4.5.1',
327 silly addNameRange     '4.6.0',
327 silly addNameRange     '4.6.1',
327 silly addNameRange     '4.7.0',
327 silly addNameRange     '4.8.0',
327 silly addNameRange     '4.8.1',
327 silly addNameRange     '4.8.2',
327 silly addNameRange     '4.9.0',
327 silly addNameRange     '4.10.0',
327 silly addNameRange     '4.11.0',
327 silly addNameRange     '4.11.1',
327 silly addNameRange     '4.11.2',
327 silly addNameRange     '4.12.0',
327 silly addNameRange     '4.13.0',
327 silly addNameRange     '4.13.1',
327 silly addNameRange     '4.14.0',
327 silly addNameRange     '4.14.1',
327 silly addNameRange     '4.14.2',
327 silly addNameRange     '4.15.0',
327 silly addNameRange     '4.16.0',
327 silly addNameRange     '4.16.1',
327 silly addNameRange     '4.16.2',
327 silly addNameRange     '4.16.3',
327 silly addNameRange     '4.16.4',
327 silly addNameRange     '4.16.5',
327 silly addNameRange     '4.16.6',
327 silly addNameRange     '4.17.0',
327 silly addNameRange     '4.17.1',
327 silly addNameRange     '4.17.2',
327 silly addNameRange     '4.17.3',
327 silly addNameRange     '4.17.4' ] ]
328 silly pickManifestFromRegistryMetadata spec >=3.0.0 <5.0.0 tag latest versions [ '0.1.0',
328 silly pickManifestFromRegistryMetadata   '0.2.0',
328 silly pickManifestFromRegistryMetadata   '0.2.1',
328 silly pickManifestFromRegistryMetadata   '0.2.2',
328 silly pickManifestFromRegistryMetadata   '0.3.0',
328 silly pickManifestFromRegistryMetadata   '0.3.1',
328 silly pickManifestFromRegistryMetadata   '0.3.2',
328 silly pickManifestFromRegistryMetadata   '0.4.0',
328 silly pickManifestFromRegistryMetadata   '0.4.1',
328 silly pickManifestFromRegistryMetadata   '0.4.2',
328 silly pickManifestFromRegistryMetadata   '0.5.0-rc.1',
328 silly pickManifestFromRegistryMetadata   '0.5.0',
328 silly pickManifestFromRegistryMetadata   '0.5.1',
328 silly pickManifestFromRegistryMetadata   '0.5.2',
328 silly pickManifestFromRegistryMetadata   '0.6.0',
328 silly pickManifestFromRegistryMetadata   '0.6.1',
328 silly pickManifestFromRegistryMetadata   '0.7.0',
328 silly pickManifestFromRegistryMetadata   '0.8.0',
328 silly pickManifestFromRegistryMetadata   '0.8.1',
328 silly pickManifestFromRegistryMetadata   '0.8.2',
328 silly pickManifestFromRegistryMetadata   '0.9.0',
328 silly pickManifestFromRegistryMetadata   '0.9.1',
328 silly pickManifestFromRegistryMetadata   '0.9.2',
328 silly pickManifestFromRegistryMetadata   '0.10.0',
328 silly pickManifestFromRegistryMetadata   '1.0.0-rc.1',
328 silly pickManifestFromRegistryMetadata   '1.0.0-rc.2',
328 silly pickManifestFromRegistryMetadata   '1.0.0-rc.3',
328 silly pickManifestFromRegistryMetadata   '1.0.0',
328 silly pickManifestFromRegistryMetadata   '1.0.1',
328 silly pickManifestFromRegistryMetadata   '1.1.0',
328 silly pickManifestFromRegistryMetadata   '1.1.1',
328 silly pickManifestFromRegistryMetadata   '1.2.0',
328 silly pickManifestFromRegistryMetadata   '1.2.1',
328 silly pickManifestFromRegistryMetadata   '1.3.0',
328 silly pickManifestFromRegistryMetadata   '1.3.1',
328 silly pickManifestFromRegistryMetadata   '2.0.0',
328 silly pickManifestFromRegistryMetadata   '2.1.0',
328 silly pickManifestFromRegistryMetadata   '2.2.0',
328 silly pickManifestFromRegistryMetadata   '2.2.1',
328 silly pickManifestFromRegistryMetadata   '2.3.0',
328 silly pickManifestFromRegistryMetadata   '2.4.0',
328 silly pickManifestFromRegistryMetadata   '2.4.1',
328 silly pickManifestFromRegistryMetadata   '3.0.0',
328 silly pickManifestFromRegistryMetadata   '3.0.1',
328 silly pickManifestFromRegistryMetadata   '3.1.0',
328 silly pickManifestFromRegistryMetadata   '3.2.0',
328 silly pickManifestFromRegistryMetadata   '3.3.0',
328 silly pickManifestFromRegistryMetadata   '3.3.1',
328 silly pickManifestFromRegistryMetadata   '3.4.0',
328 silly pickManifestFromRegistryMetadata   '3.5.0',
328 silly pickManifestFromRegistryMetadata   '3.6.0',
328 silly pickManifestFromRegistryMetadata   '1.0.2',
328 silly pickManifestFromRegistryMetadata   '3.7.0',
328 silly pickManifestFromRegistryMetadata   '2.4.2',
328 silly pickManifestFromRegistryMetadata   '3.8.0',
328 silly pickManifestFromRegistryMetadata   '3.9.0',
328 silly pickManifestFromRegistryMetadata   '3.9.1',
328 silly pickManifestFromRegistryMetadata   '3.9.2',
328 silly pickManifestFromRegistryMetadata   '3.9.3',
328 silly pickManifestFromRegistryMetadata   '3.10.0',
328 silly pickManifestFromRegistryMetadata   '3.10.1',
328 silly pickManifestFromRegistryMetadata   '4.0.0',
328 silly pickManifestFromRegistryMetadata   '4.0.1',
328 silly pickManifestFromRegistryMetadata   '4.1.0',
328 silly pickManifestFromRegistryMetadata   '4.2.0',
328 silly pickManifestFromRegistryMetadata   '4.2.1',
328 silly pickManifestFromRegistryMetadata   '4.3.0',
328 silly pickManifestFromRegistryMetadata   '4.4.0',
328 silly pickManifestFromRegistryMetadata   '4.5.0',
328 silly pickManifestFromRegistryMetadata   '4.5.1',
328 silly pickManifestFromRegistryMetadata   '4.6.0',
328 silly pickManifestFromRegistryMetadata   '4.6.1',
328 silly pickManifestFromRegistryMetadata   '4.7.0',
328 silly pickManifestFromRegistryMetadata   '4.8.0',
328 silly pickManifestFromRegistryMetadata   '4.8.1',
328 silly pickManifestFromRegistryMetadata   '4.8.2',
328 silly pickManifestFromRegistryMetadata   '4.9.0',
328 silly pickManifestFromRegistryMetadata   '4.10.0',
328 silly pickManifestFromRegistryMetadata   '4.11.0',
328 silly pickManifestFromRegistryMetadata   '4.11.1',
328 silly pickManifestFromRegistryMetadata   '4.11.2',
328 silly pickManifestFromRegistryMetadata   '4.12.0',
328 silly pickManifestFromRegistryMetadata   '4.13.0',
328 silly pickManifestFromRegistryMetadata   '4.13.1',
328 silly pickManifestFromRegistryMetadata   '4.14.0',
328 silly pickManifestFromRegistryMetadata   '4.14.1',
328 silly pickManifestFromRegistryMetadata   '4.14.2',
328 silly pickManifestFromRegistryMetadata   '4.15.0',
328 silly pickManifestFromRegistryMetadata   '4.16.0',
328 silly pickManifestFromRegistryMetadata   '4.16.1',
328 silly pickManifestFromRegistryMetadata   '4.16.2',
328 silly pickManifestFromRegistryMetadata   '4.16.3',
328 silly pickManifestFromRegistryMetadata   '4.16.4',
328 silly pickManifestFromRegistryMetadata   '4.16.5',
328 silly pickManifestFromRegistryMetadata   '4.16.6',
328 silly pickManifestFromRegistryMetadata   '4.17.0',
328 silly pickManifestFromRegistryMetadata   '4.17.1',
328 silly pickManifestFromRegistryMetadata   '4.17.2',
328 silly pickManifestFromRegistryMetadata   '4.17.3',
328 silly pickManifestFromRegistryMetadata   '4.17.4' ]
329 silly addNamed lodash@latest
330 verbose addNamed "latest" is being treated as a dist-tag for lodash
331 info addNameTag [ 'lodash', 'latest' ]
332 silly mapToRegistry name lodash
333 silly mapToRegistry using default registry
334 silly mapToRegistry registry https://registry.npmjs.org/
335 silly mapToRegistry data Result {
335 silly mapToRegistry   raw: 'lodash',
335 silly mapToRegistry   scope: null,
335 silly mapToRegistry   escapedName: 'lodash',
335 silly mapToRegistry   name: 'lodash',
335 silly mapToRegistry   rawSpec: '',
335 silly mapToRegistry   spec: 'latest',
335 silly mapToRegistry   type: 'tag' }
336 silly mapToRegistry uri https://registry.npmjs.org/lodash
337 verbose addNameTag registry:https://registry.npmjs.org/lodash already in flight; waiting
338 silly addNameTag next cb for lodash with tag latest
339 silly addNamed lodash@4.17.4
340 verbose addNamed "4.17.4" is a plain semver version for lodash
341 http fetch 200 https://registry.npmjs.org/google-maps-utility-library-v3-infobox/-/google-maps-utility-library-v3-infobox-1.1.14.tgz
342 http fetch 200 https://registry.npmjs.org/markerclustererplus/-/markerclustererplus-2.1.4.tgz
343 silly fetchAndShaCheck shasum 69c888cef8bff869c32275e3413d90cc09392914
344 verbose addTmpTarball C:\Users\Ramon\AppData\Local\Temp\npm-5944-975abf4b\registry.npmjs.org\google-maps-utility-library-v3-infobox\-\google-maps-utility-library-v3-infobox-1.1.14.tgz not in flight; adding
345 verbose addTmpTarball already have metadata; skipping unpack for google-maps-utility-library-v3-infobox@1.1.14
346 verbose correctMkdir C:\Users\Ramon\AppData\Roaming\npm-cache correctMkdir not in flight; initializing
347 silly cache afterAdd angular@1.6.4
348 verbose afterAdd C:\Users\Ramon\AppData\Roaming\npm-cache\angular\1.6.4\package\package.json not in flight; writing
349 verbose correctMkdir C:\Users\Ramon\AppData\Roaming\npm-cache correctMkdir not in flight; initializing
350 silly fetchAndShaCheck shasum 901225180dd5d5fc0827753a18eee35afcf9c4f7
351 silly cache afterAdd google-maps-utility-library-v3-infobox@1.1.14
352 verbose afterAdd C:\Users\Ramon\AppData\Roaming\npm-cache\google-maps-utility-library-v3-infobox\1.1.14\package\package.json not in flight; writing
353 verbose correctMkdir C:\Users\Ramon\AppData\Roaming\npm-cache correctMkdir not in flight; initializing
354 verbose addTmpTarball C:\Users\Ramon\AppData\Local\Temp\npm-5944-975abf4b\registry.npmjs.org\markerclustererplus\-\markerclustererplus-2.1.4.tgz not in flight; adding
355 verbose addTmpTarball already have metadata; skipping unpack for markerclustererplus@2.1.4
356 verbose correctMkdir C:\Users\Ramon\AppData\Roaming\npm-cache correctMkdir not in flight; initializing
357 verbose afterAdd C:\Users\Ramon\AppData\Roaming\npm-cache\google-maps-utility-library-v3-infobox\1.1.14\package\package.json written
358 silly cache afterAdd markerclustererplus@2.1.4
359 verbose afterAdd C:\Users\Ramon\AppData\Roaming\npm-cache\markerclustererplus\2.1.4\package\package.json not in flight; writing
360 verbose correctMkdir C:\Users\Ramon\AppData\Roaming\npm-cache correctMkdir not in flight; initializing
361 silly cache afterAdd lodash@4.17.4
362 verbose afterAdd C:\Users\Ramon\AppData\Roaming\npm-cache\lodash\4.17.4\package\package.json not in flight; writing
363 verbose correctMkdir C:\Users\Ramon\AppData\Roaming\npm-cache correctMkdir not in flight; initializing
364 verbose afterAdd C:\Users\Ramon\AppData\Roaming\npm-cache\lodash\4.17.4\package\package.json written
365 verbose afterAdd C:\Users\Ramon\AppData\Roaming\npm-cache\angular\1.6.4\package\package.json written
366 verbose afterAdd C:\Users\Ramon\AppData\Roaming\npm-cache\markerclustererplus\2.1.4\package\package.json written
367 http 200 https://registry.npmjs.org/google-maps-utility-library-v3-keydragzoom
368 verbose headers { server: 'nginx/1.10.1',
368 verbose headers   'content-type': 'application/json',
368 verbose headers   'last-modified': 'Fri, 13 May 2016 18:02:38 GMT',
368 verbose headers   etag: 'W/"573616be-f7b"',
368 verbose headers   'content-encoding': 'gzip',
368 verbose headers   'cache-control': 'max-age=300',
368 verbose headers   'content-length': '1313',
368 verbose headers   'accept-ranges': 'bytes',
368 verbose headers   date: 'Wed, 17 May 2017 18:23:08 GMT',
368 verbose headers   via: '1.1 varnish',
368 verbose headers   age: '0',
368 verbose headers   connection: 'keep-alive',
368 verbose headers   'x-served-by': 'cache-mad9420-MAD',
368 verbose headers   'x-cache': 'HIT',
368 verbose headers   'x-cache-hits': '1',
368 verbose headers   'x-timer': 'S1495045389.777873,VS0,VE37',
368 verbose headers   vary: 'Accept-Encoding' }
369 silly get cb [ 200,
369 silly get   { server: 'nginx/1.10.1',
369 silly get     'content-type': 'application/json',
369 silly get     'last-modified': 'Fri, 13 May 2016 18:02:38 GMT',
369 silly get     etag: 'W/"573616be-f7b"',
369 silly get     'content-encoding': 'gzip',
369 silly get     'cache-control': 'max-age=300',
369 silly get     'content-length': '1313',
369 silly get     'accept-ranges': 'bytes',
369 silly get     date: 'Wed, 17 May 2017 18:23:08 GMT',
369 silly get     via: '1.1 varnish',
369 silly get     age: '0',
369 silly get     connection: 'keep-alive',
369 silly get     'x-served-by': 'cache-mad9420-MAD',
369 silly get     'x-cache': 'HIT',
369 silly get     'x-cache-hits': '1',
369 silly get     'x-timer': 'S1495045389.777873,VS0,VE37',
369 silly get     vary: 'Accept-Encoding' } ]
370 verbose get saving google-maps-utility-library-v3-keydragzoom to C:\Users\Ramon\AppData\Roaming\npm-cache\registry.npmjs.org\google-maps-utility-library-v3-keydragzoom\.cache.json
371 verbose correctMkdir C:\Users\Ramon\AppData\Roaming\npm-cache correctMkdir not in flight; initializing
372 silly pickManifestFromRegistryMetadata spec 2.0.9 tag latest versions [ '2.0.9' ]
373 silly resolveWithNewModule google-maps-utility-library-v3-keydragzoom@2.0.9 checking installable status
374 silly cache add args [ 'google-maps-utility-library-v3-keydragzoom@2.0.9', null ]
375 verbose cache add spec google-maps-utility-library-v3-keydragzoom@2.0.9
376 silly cache add parsed spec Result {
376 silly cache add   raw: 'google-maps-utility-library-v3-keydragzoom@2.0.9',
376 silly cache add   scope: null,
376 silly cache add   escapedName: 'google-maps-utility-library-v3-keydragzoom',
376 silly cache add   name: 'google-maps-utility-library-v3-keydragzoom',
376 silly cache add   rawSpec: '2.0.9',
376 silly cache add   spec: '2.0.9',
376 silly cache add   type: 'version' }
377 silly addNamed google-maps-utility-library-v3-keydragzoom@2.0.9
378 verbose addNamed "2.0.9" is a plain semver version for google-maps-utility-library-v3-keydragzoom
379 silly mapToRegistry name google-maps-utility-library-v3-keydragzoom
380 silly mapToRegistry using default registry
381 silly mapToRegistry registry https://registry.npmjs.org/
382 silly mapToRegistry data Result {
382 silly mapToRegistry   raw: 'google-maps-utility-library-v3-keydragzoom',
382 silly mapToRegistry   scope: null,
382 silly mapToRegistry   escapedName: 'google-maps-utility-library-v3-keydragzoom',
382 silly mapToRegistry   name: 'google-maps-utility-library-v3-keydragzoom',
382 silly mapToRegistry   rawSpec: '',
382 silly mapToRegistry   spec: 'latest',
382 silly mapToRegistry   type: 'tag' }
383 silly mapToRegistry uri https://registry.npmjs.org/google-maps-utility-library-v3-keydragzoom
384 verbose addNameVersion registry:https://registry.npmjs.org/google-maps-utility-library-v3-keydragzoom not in flight; fetching
385 verbose get https://registry.npmjs.org/google-maps-utility-library-v3-keydragzoom not expired, no request
386 silly mapToRegistry name google-maps-utility-library-v3-keydragzoom
387 silly mapToRegistry using default registry
388 silly mapToRegistry registry https://registry.npmjs.org/
389 silly mapToRegistry data Result {
389 silly mapToRegistry   raw: 'google-maps-utility-library-v3-keydragzoom',
389 silly mapToRegistry   scope: null,
389 silly mapToRegistry   escapedName: 'google-maps-utility-library-v3-keydragzoom',
389 silly mapToRegistry   name: 'google-maps-utility-library-v3-keydragzoom',
389 silly mapToRegistry   rawSpec: '',
389 silly mapToRegistry   spec: 'latest',
389 silly mapToRegistry   type: 'tag' }
390 silly mapToRegistry uri https://registry.npmjs.org/google-maps-utility-library-v3-keydragzoom
391 verbose addRemoteTarball https://registry.npmjs.org/google-maps-utility-library-v3-keydragzoom/-/google-maps-utility-library-v3-keydragzoom-2.0.9.tgz not in flight; adding
392 verbose addRemoteTarball [ 'https://registry.npmjs.org/google-maps-utility-library-v3-keydragzoom/-/google-maps-utility-library-v3-keydragzoom-2.0.9.tgz',
392 verbose addRemoteTarball   '2dfa05fed2976d82fc1cc39fcc6175c01ec06477' ]
393 info retry fetch attempt 1 at 20:23:06
394 info attempt registry request try #1 at 20:23:06
395 http fetch GET https://registry.npmjs.org/google-maps-utility-library-v3-keydragzoom/-/google-maps-utility-library-v3-keydragzoom-2.0.9.tgz
396 http fetch 200 https://registry.npmjs.org/google-maps-utility-library-v3-keydragzoom/-/google-maps-utility-library-v3-keydragzoom-2.0.9.tgz
397 silly fetchAndShaCheck shasum 2dfa05fed2976d82fc1cc39fcc6175c01ec06477
398 verbose addTmpTarball C:\Users\Ramon\AppData\Local\Temp\npm-5944-975abf4b\registry.npmjs.org\google-maps-utility-library-v3-keydragzoom\-\google-maps-utility-library-v3-keydragzoom-2.0.9.tgz not in flight; adding
399 verbose addTmpTarball already have metadata; skipping unpack for google-maps-utility-library-v3-keydragzoom@2.0.9
400 verbose correctMkdir C:\Users\Ramon\AppData\Roaming\npm-cache correctMkdir not in flight; initializing
401 silly cache afterAdd google-maps-utility-library-v3-keydragzoom@2.0.9
402 verbose afterAdd C:\Users\Ramon\AppData\Roaming\npm-cache\google-maps-utility-library-v3-keydragzoom\2.0.9\package\package.json not in flight; writing
403 verbose correctMkdir C:\Users\Ramon\AppData\Roaming\npm-cache correctMkdir not in flight; initializing
404 verbose afterAdd C:\Users\Ramon\AppData\Roaming\npm-cache\google-maps-utility-library-v3-keydragzoom\2.0.9\package\package.json written
405 error git clone --template=C:\Users\Ramon\AppData\Roaming\npm-cache\_git-remotes\_templates --mirror git://github.com/MikaFima/js-rich-marker.git C:\Users\Ramon\AppData\Roaming\npm-cache\_git-remotes\git-github-com-MikaFima-js-rich-marker-git-0383f4bbdad4ddf154772fedbdd27e464600e943-e7abb722: Cloning into bare repository 'C:\Users\Ramon\AppData\Roaming\npm-cache\_git-remotes\git-github-com-MikaFima-js-rich-marker-git-0383f4bbdad4ddf154772fedbdd27e464600e943-e7abb722'...
405 error git clone --template=C:\Users\Ramon\AppData\Roaming\npm-cache\_git-remotes\_templates --mirror git://github.com/MikaFima/js-rich-marker.git C:\Users\Ramon\AppData\Roaming\npm-cache\_git-remotes\git-github-com-MikaFima-js-rich-marker-git-0383f4bbdad4ddf154772fedbdd27e464600e943-e7abb722: fatal: unable to connect to github.com:
405 error git clone --template=C:\Users\Ramon\AppData\Roaming\npm-cache\_git-remotes\_templates --mirror git://github.com/MikaFima/js-rich-marker.git C:\Users\Ramon\AppData\Roaming\npm-cache\_git-remotes\git-github-com-MikaFima-js-rich-marker-git-0383f4bbdad4ddf154772fedbdd27e464600e943-e7abb722: github.com[0: 192.30.253.112]: errno=Invalid argument
405 error git clone --template=C:\Users\Ramon\AppData\Roaming\npm-cache\_git-remotes\_templates --mirror git://github.com/MikaFima/js-rich-marker.git C:\Users\Ramon\AppData\Roaming\npm-cache\_git-remotes\git-github-com-MikaFima-js-rich-marker-git-0383f4bbdad4ddf154772fedbdd27e464600e943-e7abb722: github.com[1: 192.30.253.113]: errno=Invalid argument
406 silly fetchPackageMetaData Error: Command failed: git -c core.longpaths=true clone --template=C:\Users\Ramon\AppData\Roaming\npm-cache\_git-remotes\_templates --mirror git://github.com/MikaFima/js-rich-marker.git C:\Users\Ramon\AppData\Roaming\npm-cache\_git-remotes\git-github-com-MikaFima-js-rich-marker-git-0383f4bbdad4ddf154772fedbdd27e464600e943-e7abb722
406 silly fetchPackageMetaData Cloning into bare repository 'C:\Users\Ramon\AppData\Roaming\npm-cache\_git-remotes\git-github-com-MikaFima-js-rich-marker-git-0383f4bbdad4ddf154772fedbdd27e464600e943-e7abb722'...
406 silly fetchPackageMetaData fatal: unable to connect to github.com:
406 silly fetchPackageMetaData github.com[0: 192.30.253.112]: errno=Invalid argument
406 silly fetchPackageMetaData github.com[1: 192.30.253.113]: errno=Invalid argument
406 silly fetchPackageMetaData
406 silly fetchPackageMetaData
406 silly fetchPackageMetaData     at ChildProcess.exithandler (child_process.js:211:12)
406 silly fetchPackageMetaData     at emitTwo (events.js:106:13)
406 silly fetchPackageMetaData     at ChildProcess.emit (events.js:192:7)
406 silly fetchPackageMetaData     at maybeClose (internal/child_process.js:890:16)
406 silly fetchPackageMetaData     at Socket.<anonymous> (internal/child_process.js:334:11)
406 silly fetchPackageMetaData     at emitOne (events.js:96:13)
406 silly fetchPackageMetaData     at Socket.emit (events.js:189:7)
406 silly fetchPackageMetaData     at Pipe._handle.close [as _onclose] (net.js:501:12)
406 silly fetchPackageMetaData  error for js-rich-marker@git://github.com/MikaFima/js-rich-marker.git#0383f4bbdad4ddf154772fedbdd27e464600e943 { Error: Command failed: git -c core.longpaths=true clone --template=C:\Users\Ramon\AppData\Roaming\npm-cache\_git-remotes\_templates --mirror git://github.com/MikaFima/js-rich-marker.git C:\Users\Ramon\AppData\Roaming\npm-cache\_git-remotes\git-github-com-MikaFima-js-rich-marker-git-0383f4bbdad4ddf154772fedbdd27e464600e943-e7abb722
406 silly fetchPackageMetaData Cloning into bare repository 'C:\Users\Ramon\AppData\Roaming\npm-cache\_git-remotes\git-github-com-MikaFima-js-rich-marker-git-0383f4bbdad4ddf154772fedbdd27e464600e943-e7abb722'...
406 silly fetchPackageMetaData fatal: unable to connect to github.com:
406 silly fetchPackageMetaData github.com[0: 192.30.253.112]: errno=Invalid argument
406 silly fetchPackageMetaData github.com[1: 192.30.253.113]: errno=Invalid argument
406 silly fetchPackageMetaData
406 silly fetchPackageMetaData
406 silly fetchPackageMetaData     at ChildProcess.exithandler (child_process.js:211:12)
406 silly fetchPackageMetaData     at emitTwo (events.js:106:13)
406 silly fetchPackageMetaData     at ChildProcess.emit (events.js:192:7)
406 silly fetchPackageMetaData     at maybeClose (internal/child_process.js:890:16)
406 silly fetchPackageMetaData     at Socket.<anonymous> (internal/child_process.js:334:11)
406 silly fetchPackageMetaData     at emitOne (events.js:96:13)
406 silly fetchPackageMetaData     at Socket.emit (events.js:189:7)
406 silly fetchPackageMetaData     at Pipe._handle.close [as _onclose] (net.js:501:12)
406 silly fetchPackageMetaData   killed: false,
406 silly fetchPackageMetaData   code: 128,
406 silly fetchPackageMetaData   signal: null,
406 silly fetchPackageMetaData   cmd: 'git -c core.longpaths=true clone --template=C:\\Users\\Ramon\\AppData\\Roaming\\npm-cache\\_git-remotes\\_templates --mirror git://github.com/MikaFima/js-rich-marker.git C:\\Users\\Ramon\\AppData\\Roaming\\npm-cache\\_git-remotes\\git-github-com-MikaFima-js-rich-marker-git-0383f4bbdad4ddf154772fedbdd27e464600e943-e7abb722' }
407 error git clone --template=C:\Users\Ramon\AppData\Roaming\npm-cache\_git-remotes\_templates --mirror git://github.com/nmccready/google-maps-utility-library-v3-markerwithlabel.git C:\Users\Ramon\AppData\Roaming\npm-cache\_git-remotes\git-github-com-nmccready-google-maps-utility-library-v3-markerwithlabel-git-535ad55b: Cloning into bare repository 'C:\Users\Ramon\AppData\Roaming\npm-cache\_git-remotes\git-github-com-nmccready-google-maps-utility-library-v3-markerwithlabel-git-535ad55b'...
407 error git clone --template=C:\Users\Ramon\AppData\Roaming\npm-cache\_git-remotes\_templates --mirror git://github.com/nmccready/google-maps-utility-library-v3-markerwithlabel.git C:\Users\Ramon\AppData\Roaming\npm-cache\_git-remotes\git-github-com-nmccready-google-maps-utility-library-v3-markerwithlabel-git-535ad55b: fatal: unable to connect to github.com:
407 error git clone --template=C:\Users\Ramon\AppData\Roaming\npm-cache\_git-remotes\_templates --mirror git://github.com/nmccready/google-maps-utility-library-v3-markerwithlabel.git C:\Users\Ramon\AppData\Roaming\npm-cache\_git-remotes\git-github-com-nmccready-google-maps-utility-library-v3-markerwithlabel-git-535ad55b: github.com[0: 192.30.253.112]: errno=Invalid argument
407 error git clone --template=C:\Users\Ramon\AppData\Roaming\npm-cache\_git-remotes\_templates --mirror git://github.com/nmccready/google-maps-utility-library-v3-markerwithlabel.git C:\Users\Ramon\AppData\Roaming\npm-cache\_git-remotes\git-github-com-nmccready-google-maps-utility-library-v3-markerwithlabel-git-535ad55b: github.com[1: 192.30.253.113]: errno=Invalid argument
408 silly fetchPackageMetaData Error: Command failed: git -c core.longpaths=true clone --template=C:\Users\Ramon\AppData\Roaming\npm-cache\_git-remotes\_templates --mirror git://github.com/nmccready/google-maps-utility-library-v3-markerwithlabel.git C:\Users\Ramon\AppData\Roaming\npm-cache\_git-remotes\git-github-com-nmccready-google-maps-utility-library-v3-markerwithlabel-git-535ad55b
408 silly fetchPackageMetaData Cloning into bare repository 'C:\Users\Ramon\AppData\Roaming\npm-cache\_git-remotes\git-github-com-nmccready-google-maps-utility-library-v3-markerwithlabel-git-535ad55b'...
408 silly fetchPackageMetaData fatal: unable to connect to github.com:
408 silly fetchPackageMetaData github.com[0: 192.30.253.112]: errno=Invalid argument
408 silly fetchPackageMetaData github.com[1: 192.30.253.113]: errno=Invalid argument
408 silly fetchPackageMetaData
408 silly fetchPackageMetaData
408 silly fetchPackageMetaData     at ChildProcess.exithandler (child_process.js:211:12)
408 silly fetchPackageMetaData     at emitTwo (events.js:106:13)
408 silly fetchPackageMetaData     at ChildProcess.emit (events.js:192:7)
408 silly fetchPackageMetaData     at maybeClose (internal/child_process.js:890:16)
408 silly fetchPackageMetaData     at Process.ChildProcess._handle.onexit (internal/child_process.js:226:5)
408 silly fetchPackageMetaData  error for google-maps-utility-library-v3-markerwithlabel@git://github.com/nmccready/google-maps-utility-library-v3-markerwithlabel.git { Error: Command failed: git -c core.longpaths=true clone --template=C:\Users\Ramon\AppData\Roaming\npm-cache\_git-remotes\_templates --mirror git://github.com/nmccready/google-maps-utility-library-v3-markerwithlabel.git C:\Users\Ramon\AppData\Roaming\npm-cache\_git-remotes\git-github-com-nmccready-google-maps-utility-library-v3-markerwithlabel-git-535ad55b
408 silly fetchPackageMetaData Cloning into bare repository 'C:\Users\Ramon\AppData\Roaming\npm-cache\_git-remotes\git-github-com-nmccready-google-maps-utility-library-v3-markerwithlabel-git-535ad55b'...
408 silly fetchPackageMetaData fatal: unable to connect to github.com:
408 silly fetchPackageMetaData github.com[0: 192.30.253.112]: errno=Invalid argument
408 silly fetchPackageMetaData github.com[1: 192.30.253.113]: errno=Invalid argument
408 silly fetchPackageMetaData
408 silly fetchPackageMetaData
408 silly fetchPackageMetaData     at ChildProcess.exithandler (child_process.js:211:12)
408 silly fetchPackageMetaData     at emitTwo (events.js:106:13)
408 silly fetchPackageMetaData     at ChildProcess.emit (events.js:192:7)
408 silly fetchPackageMetaData     at maybeClose (internal/child_process.js:890:16)
408 silly fetchPackageMetaData     at Process.ChildProcess._handle.onexit (internal/child_process.js:226:5)
408 silly fetchPackageMetaData   killed: false,
408 silly fetchPackageMetaData   code: 128,
408 silly fetchPackageMetaData   signal: null,
408 silly fetchPackageMetaData   cmd: 'git -c core.longpaths=true clone --template=C:\\Users\\Ramon\\AppData\\Roaming\\npm-cache\\_git-remotes\\_templates --mirror git://github.com/nmccready/google-maps-utility-library-v3-markerwithlabel.git C:\\Users\\Ramon\\AppData\\Roaming\\npm-cache\\_git-remotes\\git-github-com-nmccready-google-maps-utility-library-v3-markerwithlabel-git-535ad55b' }
409 silly rollbackFailedOptional Starting
410 silly rollbackFailedOptional Finishing
411 silly runTopLevelLifecycles Finishing
412 silly install printInstalled
413 verbose stack Error: Command failed: git -c core.longpaths=true clone --template=C:\Users\Ramon\AppData\Roaming\npm-cache\_git-remotes\_templates --mirror git://github.com/MikaFima/js-rich-marker.git C:\Users\Ramon\AppData\Roaming\npm-cache\_git-remotes\git-github-com-MikaFima-js-rich-marker-git-0383f4bbdad4ddf154772fedbdd27e464600e943-e7abb722
413 verbose stack Cloning into bare repository 'C:\Users\Ramon\AppData\Roaming\npm-cache\_git-remotes\git-github-com-MikaFima-js-rich-marker-git-0383f4bbdad4ddf154772fedbdd27e464600e943-e7abb722'...
413 verbose stack fatal: unable to connect to github.com:
413 verbose stack github.com[0: 192.30.253.112]: errno=Invalid argument
413 verbose stack github.com[1: 192.30.253.113]: errno=Invalid argument
413 verbose stack
413 verbose stack
413 verbose stack     at ChildProcess.exithandler (child_process.js:211:12)
413 verbose stack     at emitTwo (events.js:106:13)
413 verbose stack     at ChildProcess.emit (events.js:192:7)
413 verbose stack     at maybeClose (internal/child_process.js:890:16)
413 verbose stack     at Socket.<anonymous> (internal/child_process.js:334:11)
413 verbose stack     at emitOne (events.js:96:13)
413 verbose stack     at Socket.emit (events.js:189:7)
413 verbose stack     at Pipe._handle.close [as _onclose] (net.js:501:12)
414 verbose cwd C:\Users\Ramon\Desktop\CFGS - 2 DAM\ProyectoCFGS - Woody\WoodyApp
415 error Windows_NT 6.3.9600
416 error argv "C:\\Program Files\\nodejs\\node.exe" "C:\\Program Files\\nodejs\\node_modules\\npm\\bin\\npm-cli.js" "install" "angular-google-maps"
417 error node v7.5.0
418 error npm  v4.1.2
419 error code 128
420 error Command failed: git -c core.longpaths=true clone --template=C:\Users\Ramon\AppData\Roaming\npm-cache\_git-remotes\_templates --mirror git://github.com/MikaFima/js-rich-marker.git C:\Users\Ramon\AppData\Roaming\npm-cache\_git-remotes\git-github-com-MikaFima-js-rich-marker-git-0383f4bbdad4ddf154772fedbdd27e464600e943-e7abb722
420 error Cloning into bare repository 'C:\Users\Ramon\AppData\Roaming\npm-cache\_git-remotes\git-github-com-MikaFima-js-rich-marker-git-0383f4bbdad4ddf154772fedbdd27e464600e943-e7abb722'...
420 error fatal: unable to connect to github.com:
420 error github.com[0: 192.30.253.112]: errno=Invalid argument
420 error github.com[1: 192.30.253.113]: errno=Invalid argument
421 error If you need help, you may report this error at:
421 error     <https://github.com/npm/npm/issues>
422 verbose exit [ 1, true ]
